<?xml version="1.0" encoding="UTF-8"?>
<testsuite name="features.TestRunner" tests="2" skipped="0" failures="0" errors="0" timestamp="2023-07-16T15:31:25" hostname="NITHINPN" time="14.29">
  <properties/>
  <testcase name="[1:7] login practicetestautomation page demo case" classname="features.TestRunner" time="7.455"/>
  <testcase name="[1:4] testing ui automation" classname="features.TestRunner" time="6.833"/>
  <system-out><![CDATA[21:01:25.662 [Test worker] DEBUG com.jayway.jsonpath.internal.path.CompiledPath - Evaluating path: $
21:01:25.693 [Test worker] DEBUG com.intuit.karate.shell.Command - found / verified free local port: 9222
21:01:25.695 [chrome_1689521485679] DEBUG com.intuit.karate.driver.chrome_1689521485679 - command: [C:\Program Files\Google\Chrome\Application\chrome.exe, --remote-debugging-port=9222, --remote-allow-origins=*, --no-first-run, --user-data-dir=C:\Intellij projects\automation_sample\build\chrome_1689521485679, --disable-popup-blocking, --remote-allow-origins=*], working dir: build\chrome_1689521485679
21:01:25.699 [Test worker] DEBUG com.intuit.karate.driver.chrome_1689521485679 - poll attempt #0 for port to be ready - localhost:9222
21:01:25.898 [chrome_1689521485679-out] DEBUG com.intuit.karate.driver.chrome_1689521485679 - 
21:01:25.899 [chrome_1689521485679-out] DEBUG com.intuit.karate.driver.chrome_1689521485679 - DevTools listening on ws://127.0.0.1:9222/devtools/browser/4e92dae8-185b-4e7f-8e69-bde1c3fe5bae
21:01:25.963 [Test worker] DEBUG com.intuit.karate.driver.chrome_1689521485679 - poll attempt #1 for port to be ready - localhost:9222
21:01:26.395 [Test worker] DEBUG org.apache.http.client.protocol.RequestAddCookies - CookieSpec selected: karate
21:01:26.404 [Test worker] DEBUG org.apache.http.client.protocol.RequestAuthCache - Auth cache not set in the context
21:01:26.406 [Test worker] DEBUG com.intuit.karate - request:
1 > GET http://localhost:9222/json
1 > Host: localhost:9222
1 > Connection: Keep-Alive
1 > User-Agent: Apache-HttpClient/4.5.14 (Java/11.0.16.1)
1 > Accept-Encoding: gzip,deflate


21:01:26.408 [Test worker] DEBUG org.apache.http.impl.conn.PoolingHttpClientConnectionManager - Connection request: [route: {}->http://localhost:9222][total available: 0; route allocated: 0 of 5; total allocated: 0 of 10]
21:01:26.428 [Test worker] DEBUG org.apache.http.impl.conn.PoolingHttpClientConnectionManager - Connection leased: [id: 0][route: {}->http://localhost:9222][total available: 0; route allocated: 1 of 5; total allocated: 1 of 10]
21:01:26.431 [Test worker] DEBUG org.apache.http.impl.execchain.MainClientExec - Opening connection {}->http://localhost:9222
21:01:26.433 [Test worker] DEBUG org.apache.http.impl.conn.DefaultHttpClientConnectionOperator - Connecting to localhost/127.0.0.1:9222
21:01:26.435 [Test worker] DEBUG org.apache.http.impl.conn.DefaultHttpClientConnectionOperator - Connection established 127.0.0.1:53395<->127.0.0.1:9222
21:01:26.436 [Test worker] DEBUG org.apache.http.impl.conn.DefaultManagedHttpClientConnection - http-outgoing-0: set socket timeout to 30000
21:01:26.436 [Test worker] DEBUG org.apache.http.impl.execchain.MainClientExec - Executing request GET /json HTTP/1.1
21:01:26.436 [Test worker] DEBUG org.apache.http.impl.execchain.MainClientExec - Target auth state: UNCHALLENGED
21:01:26.437 [Test worker] DEBUG org.apache.http.impl.execchain.MainClientExec - Proxy auth state: UNCHALLENGED
21:01:26.440 [Test worker] DEBUG org.apache.http.headers - http-outgoing-0 >> GET /json HTTP/1.1
21:01:26.441 [Test worker] DEBUG org.apache.http.headers - http-outgoing-0 >> Host: localhost:9222
21:01:26.441 [Test worker] DEBUG org.apache.http.headers - http-outgoing-0 >> Connection: Keep-Alive
21:01:26.441 [Test worker] DEBUG org.apache.http.headers - http-outgoing-0 >> User-Agent: Apache-HttpClient/4.5.14 (Java/11.0.16.1)
21:01:26.441 [Test worker] DEBUG org.apache.http.headers - http-outgoing-0 >> Accept-Encoding: gzip,deflate
21:01:26.441 [Test worker] DEBUG org.apache.http.wire - http-outgoing-0 >> "GET /json HTTP/1.1[\r][\n]"
21:01:26.442 [Test worker] DEBUG org.apache.http.wire - http-outgoing-0 >> "Host: localhost:9222[\r][\n]"
21:01:26.442 [Test worker] DEBUG org.apache.http.wire - http-outgoing-0 >> "Connection: Keep-Alive[\r][\n]"
21:01:26.442 [Test worker] DEBUG org.apache.http.wire - http-outgoing-0 >> "User-Agent: Apache-HttpClient/4.5.14 (Java/11.0.16.1)[\r][\n]"
21:01:26.442 [Test worker] DEBUG org.apache.http.wire - http-outgoing-0 >> "Accept-Encoding: gzip,deflate[\r][\n]"
21:01:26.442 [Test worker] DEBUG org.apache.http.wire - http-outgoing-0 >> "[\r][\n]"
21:01:26.443 [Test worker] DEBUG org.apache.http.wire - http-outgoing-0 << "HTTP/1.1 200 OK[\r][\n]"
21:01:26.443 [Test worker] DEBUG org.apache.http.wire - http-outgoing-0 << "Content-Security-Policy:frame-ancestors 'none'[\r][\n]"
21:01:26.443 [Test worker] DEBUG org.apache.http.wire - http-outgoing-0 << "Content-Length:1278[\r][\n]"
21:01:26.443 [Test worker] DEBUG org.apache.http.wire - http-outgoing-0 << "Content-Type:application/json; charset=UTF-8[\r][\n]"
21:01:26.443 [Test worker] DEBUG org.apache.http.wire - http-outgoing-0 << "[\r][\n]"
21:01:26.443 [Test worker] DEBUG org.apache.http.wire - http-outgoing-0 << "[ {[\r][\n]"
21:01:26.443 [Test worker] DEBUG org.apache.http.wire - http-outgoing-0 << "   "description": "",[\r][\n]"
21:01:26.443 [Test worker] DEBUG org.apache.http.wire - http-outgoing-0 << "   "devtoolsFrontendUrl": "/devtools/inspector.html?ws=localhost:9222/devtools/page/BAE429B8A2613EB5B6B195B313F0088E",[\r][\n]"
21:01:26.443 [Test worker] DEBUG org.apache.http.wire - http-outgoing-0 << "   "id": "BAE429B8A2613EB5B6B195B313F0088E",[\r][\n]"
21:01:26.443 [Test worker] DEBUG org.apache.http.wire - http-outgoing-0 << "   "title": "Google Network Speech",[\r][\n]"
21:01:26.443 [Test worker] DEBUG org.apache.http.wire - http-outgoing-0 << "   "type": "background_page",[\r][\n]"
21:01:26.443 [Test worker] DEBUG org.apache.http.wire - http-outgoing-0 << "   "url": "chrome-extension://neajdppkdcdipfabeoofebfddakdcjhd/_generated_background_page.html",[\r][\n]"
21:01:26.443 [Test worker] DEBUG org.apache.http.wire - http-outgoing-0 << "   "webSocketDebuggerUrl": "ws://localhost:9222/devtools/page/BAE429B8A2613EB5B6B195B313F0088E"[\r][\n]"
21:01:26.443 [Test worker] DEBUG org.apache.http.wire - http-outgoing-0 << "}, {[\r][\n]"
21:01:26.444 [Test worker] DEBUG org.apache.http.wire - http-outgoing-0 << "   "description": "",[\r][\n]"
21:01:26.444 [Test worker] DEBUG org.apache.http.wire - http-outgoing-0 << "   "devtoolsFrontendUrl": "/devtools/inspector.html?ws=localhost:9222/devtools/page/10F4CBEC5F387993ADD84A0E289F66EA",[\r][\n]"
21:01:26.444 [Test worker] DEBUG org.apache.http.wire - http-outgoing-0 << "   "id": "10F4CBEC5F387993ADD84A0E289F66EA",[\r][\n]"
21:01:26.444 [Test worker] DEBUG org.apache.http.wire - http-outgoing-0 << "   "title": "Google Hangouts",[\r][\n]"
21:01:26.444 [Test worker] DEBUG org.apache.http.wire - http-outgoing-0 << "   "type": "background_page",[\r][\n]"
21:01:26.444 [Test worker] DEBUG org.apache.http.wire - http-outgoing-0 << "   "url": "chrome-extension://nkeimhogjdpnpccoofpliimaahmaaome/background.html",[\r][\n]"
21:01:26.444 [Test worker] DEBUG org.apache.http.wire - http-outgoing-0 << "   "webSocketDebuggerUrl": "ws://localhost:9222/devtools/page/10F4CBEC5F387993ADD84A0E289F66EA"[\r][\n]"
21:01:26.444 [Test worker] DEBUG org.apache.http.wire - http-outgoing-0 << "}, {[\r][\n]"
21:01:26.444 [Test worker] DEBUG org.apache.http.wire - http-outgoing-0 << "   "description": "",[\r][\n]"
21:01:26.444 [Test worker] DEBUG org.apache.http.wire - http-outgoing-0 << "   "devtoolsFrontendUrl": "/devtools/inspector.html?ws=localhost:9222/devtools/page/F95BF0E73DC780DE39DADCAE88F884C0",[\r][\n]"
21:01:26.444 [Test worker] DEBUG org.apache.http.wire - http-outgoing-0 << "   "id": "F95BF0E73DC780DE39DADCAE88F884C0",[\r][\n]"
21:01:26.444 [Test worker] DEBUG org.apache.http.wire - http-outgoing-0 << "   "title": "Welcome to Chrome",[\r][\n]"
21:01:26.444 [Test worker] DEBUG org.apache.http.wire - http-outgoing-0 << "   "type": "page",[\r][\n]"
21:01:26.444 [Test worker] DEBUG org.apache.http.wire - http-outgoing-0 << "   "url": "chrome://welcome/",[\r][\n]"
21:01:26.445 [Test worker] DEBUG org.apache.http.wire - http-outgoing-0 << "   "webSocketDebuggerUrl": "ws://localhost:9222/devtools/page/F95BF0E73DC780DE39DADCAE88F884C0"[\r][\n]"
21:01:26.445 [Test worker] DEBUG org.apache.http.wire - http-outgoing-0 << "} ][\r][\n]"
21:01:26.448 [Test worker] DEBUG org.apache.http.headers - http-outgoing-0 << HTTP/1.1 200 OK
21:01:26.448 [Test worker] DEBUG org.apache.http.headers - http-outgoing-0 << Content-Security-Policy:frame-ancestors 'none'
21:01:26.448 [Test worker] DEBUG org.apache.http.headers - http-outgoing-0 << Content-Length:1278
21:01:26.448 [Test worker] DEBUG org.apache.http.headers - http-outgoing-0 << Content-Type:application/json; charset=UTF-8
21:01:26.452 [Test worker] DEBUG org.apache.http.impl.execchain.MainClientExec - Connection can be kept alive indefinitely
21:01:26.453 [Test worker] DEBUG org.apache.http.impl.conn.PoolingHttpClientConnectionManager - Connection [id: 0][route: {}->http://localhost:9222] can be kept alive indefinitely
21:01:26.454 [Test worker] DEBUG org.apache.http.impl.conn.DefaultManagedHttpClientConnection - http-outgoing-0: set socket timeout to 0
21:01:26.454 [Test worker] DEBUG org.apache.http.impl.conn.PoolingHttpClientConnectionManager - Connection released: [id: 0][route: {}->http://localhost:9222][total available: 1; route allocated: 1 of 5; total allocated: 1 of 10]
21:01:26.454 [Test worker] DEBUG org.apache.http.impl.conn.PoolingHttpClientConnectionManager - Connection manager is shutting down
21:01:26.454 [Test worker] DEBUG org.apache.http.impl.conn.DefaultManagedHttpClientConnection - http-outgoing-0: Close connection
21:01:26.454 [Test worker] DEBUG org.apache.http.impl.conn.PoolingHttpClientConnectionManager - Connection manager shut down
21:01:26.456 [Test worker] DEBUG com.intuit.karate - response time in milliseconds: 47
1 < 200
1 < Content-Security-Policy: frame-ancestors 'none'
1 < Content-Length: 1278
1 < Content-Type: application/json; charset=UTF-8
[ {
   "description": "",
   "devtoolsFrontendUrl": "/devtools/inspector.html?ws=localhost:9222/devtools/page/BAE429B8A2613EB5B6B195B313F0088E",
   "id": "BAE429B8A2613EB5B6B195B313F0088E",
   "title": "Google Network Speech",
   "type": "background_page",
   "url": "chrome-extension://neajdppkdcdipfabeoofebfddakdcjhd/_generated_background_page.html",
   "webSocketDebuggerUrl": "ws://localhost:9222/devtools/page/BAE429B8A2613EB5B6B195B313F0088E"
}, {
   "description": "",
   "devtoolsFrontendUrl": "/devtools/inspector.html?ws=localhost:9222/devtools/page/10F4CBEC5F387993ADD84A0E289F66EA",
   "id": "10F4CBEC5F387993ADD84A0E289F66EA",
   "title": "Google Hangouts",
   "type": "background_page",
   "url": "chrome-extension://nkeimhogjdpnpccoofpliimaahmaaome/background.html",
   "webSocketDebuggerUrl": "ws://localhost:9222/devtools/page/10F4CBEC5F387993ADD84A0E289F66EA"
}, {
   "description": "",
   "devtoolsFrontendUrl": "/devtools/inspector.html?ws=localhost:9222/devtools/page/F95BF0E73DC780DE39DADCAE88F884C0",
   "id": "F95BF0E73DC780DE39DADCAE88F884C0",
   "title": "Welcome to Chrome",
   "type": "page",
   "url": "chrome://welcome/",
   "webSocketDebuggerUrl": "ws://localhost:9222/devtools/page/F95BF0E73DC780DE39DADCAE88F884C0"
} ]


21:01:26.464 [Test worker] DEBUG com.jayway.jsonpath.internal.path.CompiledPath - Evaluating path: $
21:01:26.465 [Test worker] DEBUG com.intuit.karate.shell.Command - ready to accept http connections after 430 ms - http://localhost:9222/json
21:01:26.466 [Test worker] DEBUG org.apache.http.client.protocol.RequestAddCookies - CookieSpec selected: karate
21:01:26.466 [Test worker] DEBUG org.apache.http.client.protocol.RequestAuthCache - Auth cache not set in the context
21:01:26.466 [Test worker] DEBUG com.intuit.karate - request:
1 > GET http://localhost:9222/json
1 > Host: localhost:9222
1 > Connection: Keep-Alive
1 > User-Agent: Apache-HttpClient/4.5.14 (Java/11.0.16.1)
1 > Accept-Encoding: gzip,deflate


21:01:26.467 [Test worker] DEBUG org.apache.http.impl.conn.PoolingHttpClientConnectionManager - Connection request: [route: {}->http://localhost:9222][total available: 0; route allocated: 0 of 5; total allocated: 0 of 10]
21:01:26.467 [Test worker] DEBUG org.apache.http.impl.conn.PoolingHttpClientConnectionManager - Connection leased: [id: 1][route: {}->http://localhost:9222][total available: 0; route allocated: 1 of 5; total allocated: 1 of 10]
21:01:26.467 [Test worker] DEBUG org.apache.http.impl.execchain.MainClientExec - Opening connection {}->http://localhost:9222
21:01:26.467 [Test worker] DEBUG org.apache.http.impl.conn.DefaultHttpClientConnectionOperator - Connecting to localhost/127.0.0.1:9222
21:01:26.468 [Test worker] DEBUG org.apache.http.impl.conn.DefaultHttpClientConnectionOperator - Connection established 127.0.0.1:53396<->127.0.0.1:9222
21:01:26.468 [Test worker] DEBUG org.apache.http.impl.conn.DefaultManagedHttpClientConnection - http-outgoing-1: set socket timeout to 30000
21:01:26.468 [Test worker] DEBUG org.apache.http.impl.execchain.MainClientExec - Executing request GET /json HTTP/1.1
21:01:26.468 [Test worker] DEBUG org.apache.http.impl.execchain.MainClientExec - Target auth state: UNCHALLENGED
21:01:26.468 [Test worker] DEBUG org.apache.http.impl.execchain.MainClientExec - Proxy auth state: UNCHALLENGED
21:01:26.468 [Test worker] DEBUG org.apache.http.headers - http-outgoing-1 >> GET /json HTTP/1.1
21:01:26.468 [Test worker] DEBUG org.apache.http.headers - http-outgoing-1 >> Host: localhost:9222
21:01:26.468 [Test worker] DEBUG org.apache.http.headers - http-outgoing-1 >> Connection: Keep-Alive
21:01:26.469 [Test worker] DEBUG org.apache.http.headers - http-outgoing-1 >> User-Agent: Apache-HttpClient/4.5.14 (Java/11.0.16.1)
21:01:26.469 [Test worker] DEBUG org.apache.http.headers - http-outgoing-1 >> Accept-Encoding: gzip,deflate
21:01:26.469 [Test worker] DEBUG org.apache.http.wire - http-outgoing-1 >> "GET /json HTTP/1.1[\r][\n]"
21:01:26.469 [Test worker] DEBUG org.apache.http.wire - http-outgoing-1 >> "Host: localhost:9222[\r][\n]"
21:01:26.469 [Test worker] DEBUG org.apache.http.wire - http-outgoing-1 >> "Connection: Keep-Alive[\r][\n]"
21:01:26.469 [Test worker] DEBUG org.apache.http.wire - http-outgoing-1 >> "User-Agent: Apache-HttpClient/4.5.14 (Java/11.0.16.1)[\r][\n]"
21:01:26.469 [Test worker] DEBUG org.apache.http.wire - http-outgoing-1 >> "Accept-Encoding: gzip,deflate[\r][\n]"
21:01:26.469 [Test worker] DEBUG org.apache.http.wire - http-outgoing-1 >> "[\r][\n]"
21:01:26.469 [Test worker] DEBUG org.apache.http.wire - http-outgoing-1 << "HTTP/1.1 200 OK[\r][\n]"
21:01:26.470 [Test worker] DEBUG org.apache.http.wire - http-outgoing-1 << "Content-Security-Policy:frame-ancestors 'none'[\r][\n]"
21:01:26.470 [Test worker] DEBUG org.apache.http.wire - http-outgoing-1 << "Content-Length:1278[\r][\n]"
21:01:26.470 [Test worker] DEBUG org.apache.http.wire - http-outgoing-1 << "Content-Type:application/json; charset=UTF-8[\r][\n]"
21:01:26.470 [Test worker] DEBUG org.apache.http.wire - http-outgoing-1 << "[\r][\n]"
21:01:26.470 [Test worker] DEBUG org.apache.http.wire - http-outgoing-1 << "[ {[\r][\n]"
21:01:26.470 [Test worker] DEBUG org.apache.http.wire - http-outgoing-1 << "   "description": "",[\r][\n]"
21:01:26.470 [Test worker] DEBUG org.apache.http.wire - http-outgoing-1 << "   "devtoolsFrontendUrl": "/devtools/inspector.html?ws=localhost:9222/devtools/page/BAE429B8A2613EB5B6B195B313F0088E",[\r][\n]"
21:01:26.470 [Test worker] DEBUG org.apache.http.wire - http-outgoing-1 << "   "id": "BAE429B8A2613EB5B6B195B313F0088E",[\r][\n]"
21:01:26.470 [Test worker] DEBUG org.apache.http.wire - http-outgoing-1 << "   "title": "Google Network Speech",[\r][\n]"
21:01:26.470 [Test worker] DEBUG org.apache.http.wire - http-outgoing-1 << "   "type": "background_page",[\r][\n]"
21:01:26.470 [Test worker] DEBUG org.apache.http.wire - http-outgoing-1 << "   "url": "chrome-extension://neajdppkdcdipfabeoofebfddakdcjhd/_generated_background_page.html",[\r][\n]"
21:01:26.470 [Test worker] DEBUG org.apache.http.wire - http-outgoing-1 << "   "webSocketDebuggerUrl": "ws://localhost:9222/devtools/page/BAE429B8A2613EB5B6B195B313F0088E"[\r][\n]"
21:01:26.470 [Test worker] DEBUG org.apache.http.wire - http-outgoing-1 << "}, {[\r][\n]"
21:01:26.470 [Test worker] DEBUG org.apache.http.wire - http-outgoing-1 << "   "description": "",[\r][\n]"
21:01:26.470 [Test worker] DEBUG org.apache.http.wire - http-outgoing-1 << "   "devtoolsFrontendUrl": "/devtools/inspector.html?ws=localhost:9222/devtools/page/10F4CBEC5F387993ADD84A0E289F66EA",[\r][\n]"
21:01:26.470 [Test worker] DEBUG org.apache.http.wire - http-outgoing-1 << "   "id": "10F4CBEC5F387993ADD84A0E289F66EA",[\r][\n]"
21:01:26.470 [Test worker] DEBUG org.apache.http.wire - http-outgoing-1 << "   "title": "Google Hangouts",[\r][\n]"
21:01:26.470 [Test worker] DEBUG org.apache.http.wire - http-outgoing-1 << "   "type": "background_page",[\r][\n]"
21:01:26.470 [Test worker] DEBUG org.apache.http.wire - http-outgoing-1 << "   "url": "chrome-extension://nkeimhogjdpnpccoofpliimaahmaaome/background.html",[\r][\n]"
21:01:26.470 [Test worker] DEBUG org.apache.http.wire - http-outgoing-1 << "   "webSocketDebuggerUrl": "ws://localhost:9222/devtools/page/10F4CBEC5F387993ADD84A0E289F66EA"[\r][\n]"
21:01:26.470 [Test worker] DEBUG org.apache.http.wire - http-outgoing-1 << "}, {[\r][\n]"
21:01:26.471 [Test worker] DEBUG org.apache.http.wire - http-outgoing-1 << "   "description": "",[\r][\n]"
21:01:26.471 [Test worker] DEBUG org.apache.http.wire - http-outgoing-1 << "   "devtoolsFrontendUrl": "/devtools/inspector.html?ws=localhost:9222/devtools/page/F95BF0E73DC780DE39DADCAE88F884C0",[\r][\n]"
21:01:26.471 [Test worker] DEBUG org.apache.http.wire - http-outgoing-1 << "   "id": "F95BF0E73DC780DE39DADCAE88F884C0",[\r][\n]"
21:01:26.471 [Test worker] DEBUG org.apache.http.wire - http-outgoing-1 << "   "title": "Welcome to Chrome",[\r][\n]"
21:01:26.471 [Test worker] DEBUG org.apache.http.wire - http-outgoing-1 << "   "type": "page",[\r][\n]"
21:01:26.471 [Test worker] DEBUG org.apache.http.wire - http-outgoing-1 << "   "url": "chrome://welcome/",[\r][\n]"
21:01:26.471 [Test worker] DEBUG org.apache.http.wire - http-outgoing-1 << "   "webSocketDebuggerUrl": "ws://localhost:9222/devtools/page/F95BF0E73DC780DE39DADCAE88F884C0"[\r][\n]"
21:01:26.471 [Test worker] DEBUG org.apache.http.wire - http-outgoing-1 << "} ][\r][\n]"
21:01:26.471 [Test worker] DEBUG org.apache.http.headers - http-outgoing-1 << HTTP/1.1 200 OK
21:01:26.471 [Test worker] DEBUG org.apache.http.headers - http-outgoing-1 << Content-Security-Policy:frame-ancestors 'none'
21:01:26.471 [Test worker] DEBUG org.apache.http.headers - http-outgoing-1 << Content-Length:1278
21:01:26.471 [Test worker] DEBUG org.apache.http.headers - http-outgoing-1 << Content-Type:application/json; charset=UTF-8
21:01:26.471 [Test worker] DEBUG org.apache.http.impl.execchain.MainClientExec - Connection can be kept alive indefinitely
21:01:26.471 [Test worker] DEBUG org.apache.http.impl.conn.PoolingHttpClientConnectionManager - Connection [id: 1][route: {}->http://localhost:9222] can be kept alive indefinitely
21:01:26.471 [Test worker] DEBUG org.apache.http.impl.conn.DefaultManagedHttpClientConnection - http-outgoing-1: set socket timeout to 0
21:01:26.472 [Test worker] DEBUG org.apache.http.impl.conn.PoolingHttpClientConnectionManager - Connection released: [id: 1][route: {}->http://localhost:9222][total available: 1; route allocated: 1 of 5; total allocated: 1 of 10]
21:01:26.472 [Test worker] DEBUG org.apache.http.impl.conn.PoolingHttpClientConnectionManager - Connection manager is shutting down
21:01:26.472 [Test worker] DEBUG org.apache.http.impl.conn.DefaultManagedHttpClientConnection - http-outgoing-1: Close connection
21:01:26.472 [Test worker] DEBUG org.apache.http.impl.conn.PoolingHttpClientConnectionManager - Connection manager shut down
21:01:26.472 [Test worker] DEBUG com.intuit.karate - response time in milliseconds: 5
1 < 200
1 < Content-Security-Policy: frame-ancestors 'none'
1 < Content-Length: 1278
1 < Content-Type: application/json; charset=UTF-8
[ {
   "description": "",
   "devtoolsFrontendUrl": "/devtools/inspector.html?ws=localhost:9222/devtools/page/BAE429B8A2613EB5B6B195B313F0088E",
   "id": "BAE429B8A2613EB5B6B195B313F0088E",
   "title": "Google Network Speech",
   "type": "background_page",
   "url": "chrome-extension://neajdppkdcdipfabeoofebfddakdcjhd/_generated_background_page.html",
   "webSocketDebuggerUrl": "ws://localhost:9222/devtools/page/BAE429B8A2613EB5B6B195B313F0088E"
}, {
   "description": "",
   "devtoolsFrontendUrl": "/devtools/inspector.html?ws=localhost:9222/devtools/page/10F4CBEC5F387993ADD84A0E289F66EA",
   "id": "10F4CBEC5F387993ADD84A0E289F66EA",
   "title": "Google Hangouts",
   "type": "background_page",
   "url": "chrome-extension://nkeimhogjdpnpccoofpliimaahmaaome/background.html",
   "webSocketDebuggerUrl": "ws://localhost:9222/devtools/page/10F4CBEC5F387993ADD84A0E289F66EA"
}, {
   "description": "",
   "devtoolsFrontendUrl": "/devtools/inspector.html?ws=localhost:9222/devtools/page/F95BF0E73DC780DE39DADCAE88F884C0",
   "id": "F95BF0E73DC780DE39DADCAE88F884C0",
   "title": "Welcome to Chrome",
   "type": "page",
   "url": "chrome://welcome/",
   "webSocketDebuggerUrl": "ws://localhost:9222/devtools/page/F95BF0E73DC780DE39DADCAE88F884C0"
} ]


21:01:26.474 [Test worker] DEBUG com.jayway.jsonpath.internal.path.CompiledPath - Evaluating path: $
21:01:26.475 [Test worker] DEBUG com.jayway.jsonpath.internal.path.CompiledPath - Evaluating path: $
21:01:26.477 [Test worker] DEBUG com.intuit.karate.driver.chrome_1689521485679 - root frame id: F95BF0E73DC780DE39DADCAE88F884C0
21:01:26.491 [Test worker] DEBUG io.netty.util.internal.logging.InternalLoggerFactory - Using SLF4J as the default logging framework
21:01:26.492 [Test worker] DEBUG io.netty.channel.MultithreadEventLoopGroup - -Dio.netty.eventLoopThreads: 16
21:01:26.511 [Test worker] DEBUG io.netty.util.internal.InternalThreadLocalMap - -Dio.netty.threadLocalMap.stringBuilder.initialSize: 1024
21:01:26.511 [Test worker] DEBUG io.netty.util.internal.InternalThreadLocalMap - -Dio.netty.threadLocalMap.stringBuilder.maxSize: 4096
21:01:26.541 [Test worker] DEBUG io.netty.util.internal.PlatformDependent0 - -Dio.netty.noUnsafe: false
21:01:26.541 [Test worker] DEBUG io.netty.util.internal.PlatformDependent0 - Java version: 11
21:01:26.542 [Test worker] DEBUG io.netty.util.internal.PlatformDependent0 - sun.misc.Unsafe.theUnsafe: available
21:01:26.543 [Test worker] DEBUG io.netty.util.internal.PlatformDependent0 - sun.misc.Unsafe.copyMemory: available
21:01:26.544 [Test worker] DEBUG io.netty.util.internal.PlatformDependent0 - sun.misc.Unsafe.storeFence: available
21:01:26.544 [Test worker] DEBUG io.netty.util.internal.PlatformDependent0 - java.nio.Buffer.address: available
21:01:26.545 [Test worker] DEBUG io.netty.util.internal.PlatformDependent0 - direct buffer constructor: unavailable: Reflective setAccessible(true) disabled
21:01:26.546 [Test worker] DEBUG io.netty.util.internal.PlatformDependent0 - java.nio.Bits.unaligned: available, true
21:01:26.548 [Test worker] DEBUG io.netty.util.internal.PlatformDependent0 - jdk.internal.misc.Unsafe.allocateUninitializedArray(int): unavailable: class io.netty.util.internal.PlatformDependent0$7 cannot access class jdk.internal.misc.Unsafe (in module java.base) because module java.base does not export jdk.internal.misc to unnamed module @485e36bc
21:01:26.550 [Test worker] DEBUG io.netty.util.internal.PlatformDependent0 - java.nio.DirectByteBuffer.<init>(long, int): unavailable
21:01:26.550 [Test worker] DEBUG io.netty.util.internal.PlatformDependent - sun.misc.Unsafe: available
21:01:26.562 [Test worker] DEBUG io.netty.util.internal.PlatformDependent - maxDirectMemory: 536870912 bytes (maybe)
21:01:26.562 [Test worker] DEBUG io.netty.util.internal.PlatformDependent - -Dio.netty.tmpdir: C:\Users\nithi\AppData\Local\Temp (java.io.tmpdir)
21:01:26.562 [Test worker] DEBUG io.netty.util.internal.PlatformDependent - -Dio.netty.bitMode: 64 (sun.arch.data.model)
21:01:26.563 [Test worker] DEBUG io.netty.util.internal.PlatformDependent - Platform: Windows
21:01:26.564 [Test worker] DEBUG io.netty.util.internal.PlatformDependent - -Dio.netty.maxDirectMemory: -1 bytes
21:01:26.564 [Test worker] DEBUG io.netty.util.internal.PlatformDependent - -Dio.netty.uninitializedArrayAllocationThreshold: -1
21:01:26.565 [Test worker] DEBUG io.netty.util.internal.CleanerJava9 - java.nio.ByteBuffer.cleaner(): available
21:01:26.566 [Test worker] DEBUG io.netty.util.internal.PlatformDependent - -Dio.netty.noPreferDirect: false
21:01:26.567 [Test worker] DEBUG io.netty.channel.nio.NioEventLoop - -Dio.netty.noKeySetOptimization: false
21:01:26.567 [Test worker] DEBUG io.netty.channel.nio.NioEventLoop - -Dio.netty.selectorAutoRebuildThreshold: 512
21:01:26.575 [Test worker] DEBUG io.netty.util.internal.PlatformDependent - org.jctools-core.MpscChunkedArrayQueue: available
21:01:26.628 [Test worker] DEBUG io.netty.channel.DefaultChannelId - -Dio.netty.processId: 19208 (auto-detected)
21:01:26.633 [Test worker] DEBUG io.netty.util.NetUtil - -Djava.net.preferIPv4Stack: false
21:01:26.633 [Test worker] DEBUG io.netty.util.NetUtil - -Djava.net.preferIPv6Addresses: false
21:01:26.739 [Test worker] DEBUG io.netty.util.NetUtilInitializations - Loopback interface: lo (Software Loopback Interface 1, 127.0.0.1)
21:01:26.740 [Test worker] DEBUG io.netty.util.NetUtil - Failed to get SOMAXCONN from sysctl and file \proc\sys\net\core\somaxconn. Default: 200
21:01:26.744 [Test worker] DEBUG io.netty.channel.DefaultChannelId - -Dio.netty.machineId: 00:45:e2:ff:fe:75:d0:c1 (auto-detected)
21:01:26.761 [Test worker] DEBUG io.netty.util.ResourceLeakDetector - -Dio.netty.leakDetection.level: simple
21:01:26.761 [Test worker] DEBUG io.netty.util.ResourceLeakDetector - -Dio.netty.leakDetection.targetRecords: 4
21:01:26.784 [Test worker] DEBUG io.netty.buffer.PooledByteBufAllocator - -Dio.netty.allocator.numHeapArenas: 16
21:01:26.784 [Test worker] DEBUG io.netty.buffer.PooledByteBufAllocator - -Dio.netty.allocator.numDirectArenas: 16
21:01:26.784 [Test worker] DEBUG io.netty.buffer.PooledByteBufAllocator - -Dio.netty.allocator.pageSize: 8192
21:01:26.784 [Test worker] DEBUG io.netty.buffer.PooledByteBufAllocator - -Dio.netty.allocator.maxOrder: 9
21:01:26.784 [Test worker] DEBUG io.netty.buffer.PooledByteBufAllocator - -Dio.netty.allocator.chunkSize: 4194304
21:01:26.784 [Test worker] DEBUG io.netty.buffer.PooledByteBufAllocator - -Dio.netty.allocator.smallCacheSize: 256
21:01:26.784 [Test worker] DEBUG io.netty.buffer.PooledByteBufAllocator - -Dio.netty.allocator.normalCacheSize: 64
21:01:26.785 [Test worker] DEBUG io.netty.buffer.PooledByteBufAllocator - -Dio.netty.allocator.maxCachedBufferCapacity: 32768
21:01:26.785 [Test worker] DEBUG io.netty.buffer.PooledByteBufAllocator - -Dio.netty.allocator.cacheTrimInterval: 8192
21:01:26.785 [Test worker] DEBUG io.netty.buffer.PooledByteBufAllocator - -Dio.netty.allocator.cacheTrimIntervalMillis: 0
21:01:26.785 [Test worker] DEBUG io.netty.buffer.PooledByteBufAllocator - -Dio.netty.allocator.useCacheForAllThreads: false
21:01:26.785 [Test worker] DEBUG io.netty.buffer.PooledByteBufAllocator - -Dio.netty.allocator.maxCachedByteBuffersPerChunk: 1023
21:01:26.794 [Test worker] DEBUG io.netty.buffer.ByteBufUtil - -Dio.netty.allocator.type: pooled
21:01:26.794 [Test worker] DEBUG io.netty.buffer.ByteBufUtil - -Dio.netty.threadLocalDirectBufferSize: 0
21:01:26.795 [Test worker] DEBUG io.netty.buffer.ByteBufUtil - -Dio.netty.maxThreadLocalCharBufferSize: 16384
21:01:26.827 [nioEventLoopGroup-2-1] DEBUG io.netty.buffer.AbstractByteBuf - -Dio.netty.buffer.checkAccessible: true
21:01:26.828 [nioEventLoopGroup-2-1] DEBUG io.netty.buffer.AbstractByteBuf - -Dio.netty.buffer.checkBounds: true
21:01:26.830 [nioEventLoopGroup-2-1] DEBUG io.netty.util.ResourceLeakDetectorFactory - Loaded default ResourceLeakDetector: io.netty.util.ResourceLeakDetector@4027c0c4
21:01:26.849 [nioEventLoopGroup-2-1] DEBUG io.netty.handler.codec.compression.ZlibCodecFactory - -Dio.netty.noJdkZlibDecoder: false
21:01:26.849 [nioEventLoopGroup-2-1] DEBUG io.netty.handler.codec.compression.ZlibCodecFactory - -Dio.netty.noJdkZlibEncoder: false
21:01:26.861 [nioEventLoopGroup-2-1] DEBUG io.netty.handler.codec.http.websocketx.WebSocketClientHandshaker13 - WebSocket version 13 client handshake key: druryEdjMx3EkyZhnxAXvA==, expected response: kk/UiyhnkloWKwyGy2ZfaDp5lk0=
21:01:26.871 [nioEventLoopGroup-2-1] DEBUG io.netty.util.Recycler - -Dio.netty.recycler.maxCapacityPerThread: 4096
21:01:26.872 [nioEventLoopGroup-2-1] DEBUG io.netty.util.Recycler - -Dio.netty.recycler.ratio: 8
21:01:26.872 [nioEventLoopGroup-2-1] DEBUG io.netty.util.Recycler - -Dio.netty.recycler.chunkSize: 32
21:01:26.872 [nioEventLoopGroup-2-1] DEBUG io.netty.util.Recycler - -Dio.netty.recycler.blocking: false
21:01:26.902 [nioEventLoopGroup-2-1] DEBUG com.intuit.karate.http.WebSocketClientHandler - websocket client connected
21:01:26.903 [Test worker] DEBUG com.jayway.jsonpath.internal.path.CompiledPath - Evaluating path: $['targetId']
21:01:26.903 [Test worker] DEBUG com.jayway.jsonpath.internal.path.CompiledPath - Evaluating path: $
21:01:26.903 [Test worker] DEBUG com.jayway.jsonpath.internal.path.CompiledPath - Evaluating path: $
21:01:26.904 [Test worker] DEBUG com.jayway.jsonpath.internal.JsonContext - Put path $ key targetId value {}
21:01:26.904 [Test worker] DEBUG com.jayway.jsonpath.internal.path.CompiledPath - Evaluating path: $
21:01:26.904 [Test worker] DEBUG com.jayway.jsonpath.internal.JsonContext - Put path $ key targetId value F95BF0E73DC780DE39DADCAE88F884C0
21:01:26.904 [Test worker] DEBUG com.jayway.jsonpath.internal.path.CompiledPath - Evaluating path: $['flatten']
21:01:26.904 [Test worker] DEBUG com.jayway.jsonpath.internal.path.CompiledPath - Evaluating path: $
21:01:26.904 [Test worker] DEBUG com.jayway.jsonpath.internal.path.CompiledPath - Evaluating path: $
21:01:26.904 [Test worker] DEBUG com.jayway.jsonpath.internal.JsonContext - Put path $ key flatten value {}
21:01:26.904 [Test worker] DEBUG com.jayway.jsonpath.internal.path.CompiledPath - Evaluating path: $
21:01:26.904 [Test worker] DEBUG com.jayway.jsonpath.internal.JsonContext - Put path $ key flatten value true
21:01:26.904 [Test worker] DEBUG com.jayway.jsonpath.internal.path.CompiledPath - Evaluating path: $
21:01:26.905 [Test worker] DEBUG com.intuit.karate.driver.chrome_1689521485679 - >> {"id":1,"method":"Target.attachToTarget","params":{"targetId":"F95BF0E73DC780DE39DADCAE88F884C0","flatten":true}}
21:01:26.910 [nioEventLoopGroup-2-1] DEBUG io.netty.handler.codec.compression.JdkZlibEncoder - -Dio.netty.jdkzlib.encoder.maxInitialOutputBufferSize=65536
21:01:26.910 [nioEventLoopGroup-2-1] DEBUG io.netty.handler.codec.compression.JdkZlibEncoder - -Dio.netty.jdkzlib.encoder.maxInputBufferSize=65536
21:01:26.922 [nioEventLoopGroup-2-1] DEBUG com.intuit.karate.driver.chrome_1689521485679 - << {"method":"Target.attachedToTarget","params":{"sessionId":"2599E078A870979C3779624219BEB706","targetInfo":{"targetId":"F95BF0E73DC780DE39DADCAE88F884C0","type":"page","title":"Welcome to Chrome","url":"chrome://welcome/","attached":true,"canAccessOpener":false,"browserContextId":"68A34A15DCF319100B7E3E8A2F39C16B"},"waitingForDebugger":false}}
21:01:26.922 [nioEventLoopGroup-2-1] DEBUG com.jayway.jsonpath.internal.path.CompiledPath - Evaluating path: $
21:01:26.922 [nioEventLoopGroup-2-1] DEBUG com.jayway.jsonpath.internal.path.CompiledPath - Evaluating path: $['targetInfo']['type']
21:01:26.923 [nioEventLoopGroup-2-1] DEBUG com.intuit.karate.driver.chrome_1689521485679 - << {"id":1,"result":{"sessionId":"2599E078A870979C3779624219BEB706"}}
21:01:26.923 [nioEventLoopGroup-2-1] DEBUG com.jayway.jsonpath.internal.path.CompiledPath - Evaluating path: $
21:01:26.923 [Test worker] DEBUG com.jayway.jsonpath.internal.path.CompiledPath - Evaluating path: $['sessionId']
21:01:26.923 [Test worker] DEBUG com.jayway.jsonpath.internal.path.CompiledPath - Evaluating path: $['targetId']
21:01:26.923 [Test worker] DEBUG com.jayway.jsonpath.internal.path.CompiledPath - Evaluating path: $
21:01:26.924 [Test worker] DEBUG com.jayway.jsonpath.internal.path.CompiledPath - Evaluating path: $
21:01:26.924 [Test worker] DEBUG com.jayway.jsonpath.internal.JsonContext - Put path $ key targetId value {}
21:01:26.924 [Test worker] DEBUG com.jayway.jsonpath.internal.path.CompiledPath - Evaluating path: $
21:01:26.924 [Test worker] DEBUG com.jayway.jsonpath.internal.JsonContext - Put path $ key targetId value F95BF0E73DC780DE39DADCAE88F884C0
21:01:26.924 [Test worker] DEBUG com.jayway.jsonpath.internal.path.CompiledPath - Evaluating path: $
21:01:26.924 [Test worker] DEBUG com.intuit.karate.driver.chrome_1689521485679 - >> {"id":2,"sessionId":"2599E078A870979C3779624219BEB706","method":"Target.activateTarget","params":{"targetId":"F95BF0E73DC780DE39DADCAE88F884C0"}}
21:01:26.925 [nioEventLoopGroup-2-1] DEBUG com.intuit.karate.driver.chrome_1689521485679 - << {"id":2,"result":{},"sessionId":"2599E078A870979C3779624219BEB706"}
21:01:26.925 [nioEventLoopGroup-2-1] DEBUG com.jayway.jsonpath.internal.path.CompiledPath - Evaluating path: $
21:01:26.926 [Test worker] DEBUG com.jayway.jsonpath.internal.path.CompiledPath - Evaluating path: $['discover']
21:01:26.926 [Test worker] DEBUG com.jayway.jsonpath.internal.path.CompiledPath - Evaluating path: $
21:01:26.926 [Test worker] DEBUG com.jayway.jsonpath.internal.path.CompiledPath - Evaluating path: $
21:01:26.926 [Test worker] DEBUG com.jayway.jsonpath.internal.JsonContext - Put path $ key discover value {}
21:01:26.926 [Test worker] DEBUG com.jayway.jsonpath.internal.path.CompiledPath - Evaluating path: $
21:01:26.926 [Test worker] DEBUG com.jayway.jsonpath.internal.JsonContext - Put path $ key discover value true
21:01:26.926 [Test worker] DEBUG com.jayway.jsonpath.internal.path.CompiledPath - Evaluating path: $
21:01:26.926 [Test worker] DEBUG com.intuit.karate.driver.chrome_1689521485679 - >> {"id":3,"sessionId":"2599E078A870979C3779624219BEB706","method":"Target.setDiscoverTargets","params":{"discover":true}}
21:01:26.928 [nioEventLoopGroup-2-1] DEBUG com.intuit.karate.driver.chrome_1689521485679 - << {"method":"Target.targetCreated","params":{"targetInfo":{"targetId":"10F4CBEC5F387993ADD84A0E289F66EA","type":"background_page","title":"Google Hangouts","url":"chrome-extension://nkeimhogjdpnpccoofpliimaahmaaome/background.html","attached":false,"canAccessOpener":false,"browserContextId":"68A34A15DCF319100B7E3E8A2F39C16B"}},"sessionId":"2599E078A870979C3779624219BEB706"}
21:01:26.928 [nioEventLoopGroup-2-1] DEBUG com.jayway.jsonpath.internal.path.CompiledPath - Evaluating path: $
21:01:26.928 [nioEventLoopGroup-2-1] DEBUG com.intuit.karate.driver.chrome_1689521485679 - << {"method":"Target.targetCreated","params":{"targetInfo":{"targetId":"BAE429B8A2613EB5B6B195B313F0088E","type":"background_page","title":"Google Network Speech","url":"chrome-extension://neajdppkdcdipfabeoofebfddakdcjhd/_generated_background_page.html","attached":false,"canAccessOpener":false,"browserContextId":"68A34A15DCF319100B7E3E8A2F39C16B"}},"sessionId":"2599E078A870979C3779624219BEB706"}
21:01:26.928 [nioEventLoopGroup-2-1] DEBUG com.jayway.jsonpath.internal.path.CompiledPath - Evaluating path: $
21:01:26.929 [nioEventLoopGroup-2-1] DEBUG com.intuit.karate.driver.chrome_1689521485679 - << {"method":"Target.targetCreated","params":{"targetInfo":{"targetId":"F95BF0E73DC780DE39DADCAE88F884C0","type":"page","title":"Welcome to Chrome","url":"chrome://welcome/","attached":true,"canAccessOpener":false,"browserContextId":"68A34A15DCF319100B7E3E8A2F39C16B"}},"sessionId":"2599E078A870979C3779624219BEB706"}
21:01:26.929 [nioEventLoopGroup-2-1] DEBUG com.jayway.jsonpath.internal.path.CompiledPath - Evaluating path: $
21:01:26.929 [nioEventLoopGroup-2-1] DEBUG com.intuit.karate.driver.chrome_1689521485679 - << {"id":3,"result":{},"sessionId":"2599E078A870979C3779624219BEB706"}
21:01:26.929 [nioEventLoopGroup-2-1] DEBUG com.jayway.jsonpath.internal.path.CompiledPath - Evaluating path: $
21:01:26.929 [Test worker] DEBUG com.intuit.karate.driver.chrome_1689521485679 - >> {"id":4,"sessionId":"2599E078A870979C3779624219BEB706","method":"Page.enable"}
21:01:26.931 [nioEventLoopGroup-2-1] DEBUG com.intuit.karate.driver.chrome_1689521485679 - << {"id":4,"result":{},"sessionId":"2599E078A870979C3779624219BEB706"}
21:01:26.931 [nioEventLoopGroup-2-1] DEBUG com.jayway.jsonpath.internal.path.CompiledPath - Evaluating path: $
21:01:26.932 [Test worker] DEBUG com.intuit.karate.driver.chrome_1689521485679 - >> {"id":5,"sessionId":"2599E078A870979C3779624219BEB706","method":"Runtime.enable"}
21:01:26.933 [nioEventLoopGroup-2-1] DEBUG com.intuit.karate.driver.chrome_1689521485679 - << {"method":"Runtime.executionContextCreated","params":{"context":{"id":1,"origin":"chrome://welcome","name":"","uniqueId":"-4676205842517764211.2314652862276473080","auxData":{"isDefault":true,"type":"default","frameId":"F95BF0E73DC780DE39DADCAE88F884C0"}}},"sessionId":"2599E078A870979C3779624219BEB706"}
21:01:26.933 [nioEventLoopGroup-2-1] DEBUG com.jayway.jsonpath.internal.path.CompiledPath - Evaluating path: $
21:01:26.934 [nioEventLoopGroup-2-1] DEBUG com.jayway.jsonpath.internal.path.CompiledPath - Evaluating path: $['context']['auxData']['frameId']
21:01:26.934 [nioEventLoopGroup-2-1] DEBUG com.jayway.jsonpath.internal.path.CompiledPath - Evaluating path: $['context']['id']
21:01:26.934 [nioEventLoopGroup-2-1] DEBUG com.intuit.karate.driver.chrome_1689521485679 - << {"id":5,"result":{},"sessionId":"2599E078A870979C3779624219BEB706"}
21:01:26.934 [nioEventLoopGroup-2-1] DEBUG com.jayway.jsonpath.internal.path.CompiledPath - Evaluating path: $
21:01:26.934 [Test worker] DEBUG com.jayway.jsonpath.internal.path.CompiledPath - Evaluating path: $['targetId']
21:01:26.934 [Test worker] DEBUG com.jayway.jsonpath.internal.path.CompiledPath - Evaluating path: $
21:01:26.935 [Test worker] DEBUG com.jayway.jsonpath.internal.path.CompiledPath - Evaluating path: $
21:01:26.935 [Test worker] DEBUG com.jayway.jsonpath.internal.JsonContext - Put path $ key targetId value {}
21:01:26.935 [Test worker] DEBUG com.jayway.jsonpath.internal.path.CompiledPath - Evaluating path: $
21:01:26.935 [Test worker] DEBUG com.jayway.jsonpath.internal.JsonContext - Put path $ key targetId value F95BF0E73DC780DE39DADCAE88F884C0
21:01:26.935 [Test worker] DEBUG com.jayway.jsonpath.internal.path.CompiledPath - Evaluating path: $
21:01:26.935 [Test worker] DEBUG com.intuit.karate.driver.chrome_1689521485679 - >> {"id":6,"sessionId":"2599E078A870979C3779624219BEB706","method":"Browser.getWindowForTarget","params":{"targetId":"F95BF0E73DC780DE39DADCAE88F884C0"}}
21:01:26.937 [nioEventLoopGroup-2-1] DEBUG com.intuit.karate.driver.chrome_1689521485679 - << {"id":6,"result":{"windowId":1850186424,"bounds":{"left":10,"top":10,"width":1050,"height":700,"windowState":"normal"}},"sessionId":"2599E078A870979C3779624219BEB706"}
21:01:26.937 [nioEventLoopGroup-2-1] DEBUG com.jayway.jsonpath.internal.path.CompiledPath - Evaluating path: $
21:01:27.069 [Test worker] DEBUG com.jayway.jsonpath.internal.path.CompiledPath - Evaluating path: $['url']
21:01:27.069 [Test worker] DEBUG com.jayway.jsonpath.internal.path.CompiledPath - Evaluating path: $
21:01:27.069 [Test worker] DEBUG com.jayway.jsonpath.internal.path.CompiledPath - Evaluating path: $
21:01:27.069 [Test worker] DEBUG com.jayway.jsonpath.internal.JsonContext - Put path $ key url value {}
21:01:27.069 [Test worker] DEBUG com.jayway.jsonpath.internal.path.CompiledPath - Evaluating path: $
21:01:27.069 [Test worker] DEBUG com.jayway.jsonpath.internal.JsonContext - Put path $ key url value https://practicetestautomation.com/practice-test-login/
21:01:27.069 [Test worker] DEBUG com.jayway.jsonpath.internal.path.CompiledPath - Evaluating path: $
21:01:27.069 [Test worker] DEBUG com.intuit.karate.driver.chrome_1689521485679 - >> {"id":7,"sessionId":"2599E078A870979C3779624219BEB706","method":"Page.navigate","params":{"url":"https:\/\/practicetestautomation.com\/practice-test-login\/"}}
21:01:28.951 [nioEventLoopGroup-2-1] DEBUG com.intuit.karate.driver.chrome_1689521485679 - << {"id":7,"result":{"frameId":"F95BF0E73DC780DE39DADCAE88F884C0","loaderId":"4064FC7126BADF9C7F19A79DC971D611"},"sessionId":"2599E078A870979C3779624219BEB706"}
21:01:28.952 [nioEventLoopGroup-2-1] DEBUG com.jayway.jsonpath.internal.path.CompiledPath - Evaluating path: $
21:01:28.953 [nioEventLoopGroup-2-1] DEBUG com.intuit.karate.driver.chrome_1689521485679 - << {"method":"Runtime.executionContextsCleared","params":{},"sessionId":"2599E078A870979C3779624219BEB706"}
21:01:28.953 [nioEventLoopGroup-2-1] DEBUG com.jayway.jsonpath.internal.path.CompiledPath - Evaluating path: $
21:01:28.954 [nioEventLoopGroup-2-1] DEBUG com.intuit.karate.driver.chrome_1689521485679 - << {"method":"Page.frameStartedLoading","params":{"frameId":"F95BF0E73DC780DE39DADCAE88F884C0"},"sessionId":"2599E078A870979C3779624219BEB706"}
21:01:28.955 [nioEventLoopGroup-2-1] DEBUG com.jayway.jsonpath.internal.path.CompiledPath - Evaluating path: $
21:01:28.955 [nioEventLoopGroup-2-1] DEBUG com.jayway.jsonpath.internal.path.CompiledPath - Evaluating path: $['frameId']
21:01:28.962 [nioEventLoopGroup-2-1] DEBUG com.intuit.karate.driver.chrome_1689521485679 - << {"method":"Target.targetInfoChanged","params":{"targetInfo":{"targetId":"F95BF0E73DC780DE39DADCAE88F884C0","type":"page","title":"practicetestautomation.com/practice-test-login/","url":"https://practicetestautomation.com/practice-test-login/","attached":true,"canAccessOpener":false,"browserContextId":"68A34A15DCF319100B7E3E8A2F39C16B"}},"sessionId":"2599E078A870979C3779624219BEB706"}
21:01:28.963 [nioEventLoopGroup-2-1] DEBUG com.jayway.jsonpath.internal.path.CompiledPath - Evaluating path: $
21:01:28.963 [nioEventLoopGroup-2-1] DEBUG com.jayway.jsonpath.internal.path.CompiledPath - Evaluating path: $['targetInfo']['targetId']
21:01:28.972 [nioEventLoopGroup-2-1] DEBUG com.intuit.karate.driver.chrome_1689521485679 - << {"method":"Runtime.executionContextsCleared","params":{},"sessionId":"2599E078A870979C3779624219BEB706"}
21:01:28.972 [nioEventLoopGroup-2-1] DEBUG com.jayway.jsonpath.internal.path.CompiledPath - Evaluating path: $
21:01:28.973 [nioEventLoopGroup-2-1] DEBUG com.intuit.karate.driver.chrome_1689521485679 - << {"method":"Page.frameNavigated","params":{"frame":{"id":"F95BF0E73DC780DE39DADCAE88F884C0","loaderId":"4064FC7126BADF9C7F19A79DC971D611","url":"https://practicetestautomation.com/practice-test-login/","domainAndRegistry":"practicetestautomation.com","securityOrigin":"https://practicetestautomation.com","mimeType":"text/html","adFrameStatus":{"adFrameType":"none"},"secureContextType":"Secure","crossOriginIsolatedContextType":"NotIsolated","gatedAPIFeatures":[]},"type":"Navigation"},"sessionId":"2599E078A870979C3779624219BEB706"}
21:01:28.974 [nioEventLoopGroup-2-1] DEBUG com.jayway.jsonpath.internal.path.CompiledPath - Evaluating path: $
21:01:28.975 [nioEventLoopGroup-2-1] DEBUG com.jayway.jsonpath.internal.path.CompiledPath - Evaluating path: $['frame']['id']
21:01:28.975 [nioEventLoopGroup-2-1] DEBUG com.jayway.jsonpath.internal.path.CompiledPath - Evaluating path: $['frame']['url']
21:01:28.976 [nioEventLoopGroup-2-1] DEBUG com.jayway.jsonpath.internal.path.CompiledPath - Evaluating path: $['frame']['name']
21:01:28.976 [nioEventLoopGroup-2-1] DEBUG com.intuit.karate.driver.chrome_1689521485679 - << {"method":"Runtime.executionContextCreated","params":{"context":{"id":1,"origin":"https://practicetestautomation.com","name":"","uniqueId":"3382967098245004249.-5162221853665002328","auxData":{"isDefault":true,"type":"default","frameId":"F95BF0E73DC780DE39DADCAE88F884C0"}}},"sessionId":"2599E078A870979C3779624219BEB706"}
21:01:28.977 [nioEventLoopGroup-2-1] DEBUG com.jayway.jsonpath.internal.path.CompiledPath - Evaluating path: $
21:01:28.977 [nioEventLoopGroup-2-1] DEBUG com.jayway.jsonpath.internal.path.CompiledPath - Evaluating path: $['context']['auxData']['frameId']
21:01:28.977 [nioEventLoopGroup-2-1] DEBUG com.jayway.jsonpath.internal.path.CompiledPath - Evaluating path: $['context']['id']
21:01:29.048 [nioEventLoopGroup-2-1] DEBUG com.intuit.karate.driver.chrome_1689521485679 - << {"method":"Target.targetCreated","params":{"targetInfo":{"targetId":"CB9A424C209103B79AE264A78E82DFF5","type":"app","title":"Chrome Web Store Payments","url":"","attached":false,"canAccessOpener":false,"browserContextId":"68A34A15DCF319100B7E3E8A2F39C16B"}},"sessionId":"2599E078A870979C3779624219BEB706"}
21:01:29.048 [nioEventLoopGroup-2-1] DEBUG com.jayway.jsonpath.internal.path.CompiledPath - Evaluating path: $
21:01:29.136 [nioEventLoopGroup-2-1] DEBUG com.intuit.karate.driver.chrome_1689521485679 - << {"method":"Target.targetInfoChanged","params":{"targetInfo":{"targetId":"CB9A424C209103B79AE264A78E82DFF5","type":"background_page","title":"Chrome Web Store Payments","url":"chrome-extension://nmmhkkegccagdldgiimedpiccmgmieda/_generated_background_page.html","attached":false,"canAccessOpener":false,"browserContextId":"68A34A15DCF319100B7E3E8A2F39C16B"}},"sessionId":"2599E078A870979C3779624219BEB706"}
21:01:29.136 [nioEventLoopGroup-2-1] DEBUG com.jayway.jsonpath.internal.path.CompiledPath - Evaluating path: $
21:01:29.136 [nioEventLoopGroup-2-1] DEBUG com.jayway.jsonpath.internal.path.CompiledPath - Evaluating path: $['targetInfo']['targetId']
21:01:29.226 [nioEventLoopGroup-2-1] DEBUG com.intuit.karate.driver.chrome_1689521485679 - << {"method":"Target.targetCreated","params":{"targetInfo":{"targetId":"303D5060F1B8121956E5383090C5798B","type":"service_worker","title":"Service Worker chrome-extension://ghbmnnjooekpmoecnnnilnnbdlolhkhi/service_worker_bin_prod.js","url":"chrome-extension://ghbmnnjooekpmoecnnnilnnbdlolhkhi/service_worker_bin_prod.js","attached":false,"canAccessOpener":false,"browserContextId":"68A34A15DCF319100B7E3E8A2F39C16B"}},"sessionId":"2599E078A870979C3779624219BEB706"}
21:01:29.227 [nioEventLoopGroup-2-1] DEBUG com.jayway.jsonpath.internal.path.CompiledPath - Evaluating path: $
21:01:30.668 [nioEventLoopGroup-2-1] DEBUG com.intuit.karate.driver.chrome_1689521485679 - << {"method":"Runtime.consoleAPICalled","params":{"type":"log","args":[{"type":"string","value":"JQMIGRATE: Migrate is installed, version 3.4.0"}],"executionContextId":1,"timestamp":1.689521490667325e+12,"stackTrace":{"callFrames":[{"functionName":"","scriptId":"11","url":"https://practicetestautomation.com/wp-includes/js/jquery/jquery-migrate.min.js?ver=3.4.0","lineNumber":1,"columnNumber":969},{"functionName":"","scriptId":"11","url":"https://practicetestautomation.com/wp-includes/js/jquery/jquery-migrate.min.js?ver=3.4.0","lineNumber":1,"columnNumber":261},{"functionName":"","scriptId":"11","url":"https://practicetestautomation.com/wp-includes/js/jquery/jquery-migrate.min.js?ver=3.4.0","lineNumber":1,"columnNumber":278}]}},"sessionId":"2599E078A870979C3779624219BEB706"}
21:01:30.669 [nioEventLoopGroup-2-1] DEBUG com.jayway.jsonpath.internal.path.CompiledPath - Evaluating path: $
21:01:30.670 [nioEventLoopGroup-2-1] DEBUG com.jayway.jsonpath.internal.path.CompiledPath - Evaluating path: $['args'][*]['value']
21:01:30.670 [nioEventLoopGroup-2-1] DEBUG com.intuit.karate.driver.chrome_1689521485679 - [console] JQMIGRATE: Migrate is installed, version 3.4.0
21:01:31.003 [nioEventLoopGroup-2-1] DEBUG com.intuit.karate.driver.chrome_1689521485679 - << {"method":"Page.domContentEventFired","params":{"timestamp":23863.351623},"sessionId":"2599E078A870979C3779624219BEB706"}
21:01:31.004 [nioEventLoopGroup-2-1] DEBUG com.jayway.jsonpath.internal.path.CompiledPath - Evaluating path: $
21:01:31.025 [Test worker] DEBUG com.jayway.jsonpath.internal.path.CompiledPath - Evaluating path: $['expression']
21:01:31.025 [Test worker] DEBUG com.jayway.jsonpath.internal.path.CompiledPath - Evaluating path: $
21:01:31.025 [Test worker] DEBUG com.jayway.jsonpath.internal.path.CompiledPath - Evaluating path: $
21:01:31.025 [Test worker] DEBUG com.jayway.jsonpath.internal.JsonContext - Put path $ key expression value {}
21:01:31.026 [Test worker] DEBUG com.jayway.jsonpath.internal.path.CompiledPath - Evaluating path: $
21:01:31.026 [Test worker] DEBUG com.jayway.jsonpath.internal.JsonContext - Put path $ key expression value var e = document.querySelector("#username"); e.focus(); try { e.selectionStart = e.selectionEnd = e.value.length } catch(x) {}
21:01:31.026 [Test worker] DEBUG com.jayway.jsonpath.internal.path.CompiledPath - Evaluating path: $['returnByValue']
21:01:31.026 [Test worker] DEBUG com.jayway.jsonpath.internal.path.CompiledPath - Evaluating path: $
21:01:31.026 [Test worker] DEBUG com.jayway.jsonpath.internal.path.CompiledPath - Evaluating path: $
21:01:31.026 [Test worker] DEBUG com.jayway.jsonpath.internal.JsonContext - Put path $ key returnByValue value {}
21:01:31.026 [Test worker] DEBUG com.jayway.jsonpath.internal.path.CompiledPath - Evaluating path: $
21:01:31.026 [Test worker] DEBUG com.jayway.jsonpath.internal.JsonContext - Put path $ key returnByValue value true
21:01:31.026 [Test worker] DEBUG com.jayway.jsonpath.internal.path.CompiledPath - Evaluating path: $
21:01:31.026 [Test worker] DEBUG com.intuit.karate.driver.chrome_1689521485679 - >> {"id":8,"sessionId":"2599E078A870979C3779624219BEB706","method":"Runtime.evaluate","params":{"expression":"var e = document.querySelector(\"#username\"); e.focus(); try { e.selectionStart = e.selectionEnd = e.value.length } catch(x) {}","returnByValue":true}}
21:01:31.029 [nioEventLoopGroup-2-1] DEBUG com.intuit.karate.driver.chrome_1689521485679 - << {"id":8,"result":{"result":{"type":"number","value":0,"description":"0"}},"sessionId":"2599E078A870979C3779624219BEB706"}
21:01:31.029 [nioEventLoopGroup-2-1] DEBUG com.jayway.jsonpath.internal.path.CompiledPath - Evaluating path: $
21:01:31.030 [Test worker] DEBUG com.jayway.jsonpath.internal.path.CompiledPath - Evaluating path: $['modifiers']
21:01:31.031 [Test worker] DEBUG com.jayway.jsonpath.internal.path.CompiledPath - Evaluating path: $
21:01:31.031 [Test worker] DEBUG com.jayway.jsonpath.internal.path.CompiledPath - Evaluating path: $
21:01:31.031 [Test worker] DEBUG com.jayway.jsonpath.internal.JsonContext - Put path $ key modifiers value {}
21:01:31.031 [Test worker] DEBUG com.jayway.jsonpath.internal.path.CompiledPath - Evaluating path: $
21:01:31.031 [Test worker] DEBUG com.jayway.jsonpath.internal.JsonContext - Put path $ key modifiers value 0
21:01:31.031 [Test worker] DEBUG com.jayway.jsonpath.internal.path.CompiledPath - Evaluating path: $['type']
21:01:31.031 [Test worker] DEBUG com.jayway.jsonpath.internal.path.CompiledPath - Evaluating path: $
21:01:31.031 [Test worker] DEBUG com.jayway.jsonpath.internal.path.CompiledPath - Evaluating path: $
21:01:31.031 [Test worker] DEBUG com.jayway.jsonpath.internal.JsonContext - Put path $ key type value {}
21:01:31.031 [Test worker] DEBUG com.jayway.jsonpath.internal.path.CompiledPath - Evaluating path: $
21:01:31.031 [Test worker] DEBUG com.jayway.jsonpath.internal.JsonContext - Put path $ key type value rawKeyDown
21:01:31.032 [Test worker] DEBUG com.jayway.jsonpath.internal.path.CompiledPath - Evaluating path: $['text']
21:01:31.032 [Test worker] DEBUG com.jayway.jsonpath.internal.path.CompiledPath - Evaluating path: $
21:01:31.032 [Test worker] DEBUG com.jayway.jsonpath.internal.path.CompiledPath - Evaluating path: $
21:01:31.032 [Test worker] DEBUG com.jayway.jsonpath.internal.JsonContext - Put path $ key text value {}
21:01:31.032 [Test worker] DEBUG com.jayway.jsonpath.internal.path.CompiledPath - Evaluating path: $
21:01:31.032 [Test worker] DEBUG com.jayway.jsonpath.internal.JsonContext - Put path $ key text value s
21:01:31.032 [Test worker] DEBUG com.jayway.jsonpath.internal.path.CompiledPath - Evaluating path: $['windowsVirtualKeyCode']
21:01:31.032 [Test worker] DEBUG com.jayway.jsonpath.internal.path.CompiledPath - Evaluating path: $
21:01:31.032 [Test worker] DEBUG com.jayway.jsonpath.internal.path.CompiledPath - Evaluating path: $
21:01:31.032 [Test worker] DEBUG com.jayway.jsonpath.internal.JsonContext - Put path $ key windowsVirtualKeyCode value {}
21:01:31.032 [Test worker] DEBUG com.jayway.jsonpath.internal.path.CompiledPath - Evaluating path: $
21:01:31.032 [Test worker] DEBUG com.jayway.jsonpath.internal.JsonContext - Put path $ key windowsVirtualKeyCode value 115
21:01:31.032 [Test worker] DEBUG com.jayway.jsonpath.internal.path.CompiledPath - Evaluating path: $
21:01:31.032 [Test worker] DEBUG com.intuit.karate.driver.chrome_1689521485679 - >> {"id":9,"sessionId":"2599E078A870979C3779624219BEB706","method":"Input.dispatchKeyEvent","params":{"modifiers":0,"type":"rawKeyDown","text":"s","windowsVirtualKeyCode":115}}
21:01:31.035 [nioEventLoopGroup-2-1] DEBUG com.intuit.karate.driver.chrome_1689521485679 - << {"id":9,"result":{},"sessionId":"2599E078A870979C3779624219BEB706"}
21:01:31.035 [nioEventLoopGroup-2-1] DEBUG com.jayway.jsonpath.internal.path.CompiledPath - Evaluating path: $
21:01:31.035 [Test worker] DEBUG com.jayway.jsonpath.internal.path.CompiledPath - Evaluating path: $['modifiers']
21:01:31.035 [Test worker] DEBUG com.jayway.jsonpath.internal.path.CompiledPath - Evaluating path: $
21:01:31.035 [Test worker] DEBUG com.jayway.jsonpath.internal.path.CompiledPath - Evaluating path: $
21:01:31.035 [Test worker] DEBUG com.jayway.jsonpath.internal.JsonContext - Put path $ key modifiers value {}
21:01:31.036 [Test worker] DEBUG com.jayway.jsonpath.internal.path.CompiledPath - Evaluating path: $
21:01:31.036 [Test worker] DEBUG com.jayway.jsonpath.internal.JsonContext - Put path $ key modifiers value 0
21:01:31.036 [Test worker] DEBUG com.jayway.jsonpath.internal.path.CompiledPath - Evaluating path: $['type']
21:01:31.036 [Test worker] DEBUG com.jayway.jsonpath.internal.path.CompiledPath - Evaluating path: $
21:01:31.036 [Test worker] DEBUG com.jayway.jsonpath.internal.path.CompiledPath - Evaluating path: $
21:01:31.036 [Test worker] DEBUG com.jayway.jsonpath.internal.JsonContext - Put path $ key type value {}
21:01:31.036 [Test worker] DEBUG com.jayway.jsonpath.internal.path.CompiledPath - Evaluating path: $
21:01:31.036 [Test worker] DEBUG com.jayway.jsonpath.internal.JsonContext - Put path $ key type value char
21:01:31.036 [Test worker] DEBUG com.jayway.jsonpath.internal.path.CompiledPath - Evaluating path: $['text']
21:01:31.036 [Test worker] DEBUG com.jayway.jsonpath.internal.path.CompiledPath - Evaluating path: $
21:01:31.036 [Test worker] DEBUG com.jayway.jsonpath.internal.path.CompiledPath - Evaluating path: $
21:01:31.036 [Test worker] DEBUG com.jayway.jsonpath.internal.JsonContext - Put path $ key text value {}
21:01:31.036 [Test worker] DEBUG com.jayway.jsonpath.internal.path.CompiledPath - Evaluating path: $
21:01:31.036 [Test worker] DEBUG com.jayway.jsonpath.internal.JsonContext - Put path $ key text value s
21:01:31.037 [Test worker] DEBUG com.jayway.jsonpath.internal.path.CompiledPath - Evaluating path: $['windowsVirtualKeyCode']
21:01:31.037 [Test worker] DEBUG com.jayway.jsonpath.internal.path.CompiledPath - Evaluating path: $
21:01:31.037 [Test worker] DEBUG com.jayway.jsonpath.internal.path.CompiledPath - Evaluating path: $
21:01:31.037 [Test worker] DEBUG com.jayway.jsonpath.internal.JsonContext - Put path $ key windowsVirtualKeyCode value {}
21:01:31.037 [Test worker] DEBUG com.jayway.jsonpath.internal.path.CompiledPath - Evaluating path: $
21:01:31.037 [Test worker] DEBUG com.jayway.jsonpath.internal.JsonContext - Put path $ key windowsVirtualKeyCode value 115
21:01:31.037 [Test worker] DEBUG com.jayway.jsonpath.internal.path.CompiledPath - Evaluating path: $
21:01:31.037 [Test worker] DEBUG com.intuit.karate.driver.chrome_1689521485679 - >> {"id":10,"sessionId":"2599E078A870979C3779624219BEB706","method":"Input.dispatchKeyEvent","params":{"modifiers":0,"type":"char","text":"s","windowsVirtualKeyCode":115}}
21:01:31.039 [nioEventLoopGroup-2-1] DEBUG com.intuit.karate.driver.chrome_1689521485679 - << {"id":10,"result":{},"sessionId":"2599E078A870979C3779624219BEB706"}
21:01:31.039 [nioEventLoopGroup-2-1] DEBUG com.jayway.jsonpath.internal.path.CompiledPath - Evaluating path: $
21:01:31.039 [Test worker] DEBUG com.jayway.jsonpath.internal.path.CompiledPath - Evaluating path: $['modifiers']
21:01:31.039 [Test worker] DEBUG com.jayway.jsonpath.internal.path.CompiledPath - Evaluating path: $
21:01:31.040 [Test worker] DEBUG com.jayway.jsonpath.internal.path.CompiledPath - Evaluating path: $
21:01:31.040 [Test worker] DEBUG com.jayway.jsonpath.internal.JsonContext - Put path $ key modifiers value {}
21:01:31.040 [Test worker] DEBUG com.jayway.jsonpath.internal.path.CompiledPath - Evaluating path: $
21:01:31.040 [Test worker] DEBUG com.jayway.jsonpath.internal.JsonContext - Put path $ key modifiers value 0
21:01:31.040 [Test worker] DEBUG com.jayway.jsonpath.internal.path.CompiledPath - Evaluating path: $['type']
21:01:31.040 [Test worker] DEBUG com.jayway.jsonpath.internal.path.CompiledPath - Evaluating path: $
21:01:31.040 [Test worker] DEBUG com.jayway.jsonpath.internal.path.CompiledPath - Evaluating path: $
21:01:31.040 [Test worker] DEBUG com.jayway.jsonpath.internal.JsonContext - Put path $ key type value {}
21:01:31.040 [Test worker] DEBUG com.jayway.jsonpath.internal.path.CompiledPath - Evaluating path: $
21:01:31.040 [Test worker] DEBUG com.jayway.jsonpath.internal.JsonContext - Put path $ key type value keyUp
21:01:31.040 [Test worker] DEBUG com.jayway.jsonpath.internal.path.CompiledPath - Evaluating path: $['text']
21:01:31.040 [Test worker] DEBUG com.jayway.jsonpath.internal.path.CompiledPath - Evaluating path: $
21:01:31.040 [Test worker] DEBUG com.jayway.jsonpath.internal.path.CompiledPath - Evaluating path: $
21:01:31.040 [Test worker] DEBUG com.jayway.jsonpath.internal.JsonContext - Put path $ key text value {}
21:01:31.040 [Test worker] DEBUG com.jayway.jsonpath.internal.path.CompiledPath - Evaluating path: $
21:01:31.041 [Test worker] DEBUG com.jayway.jsonpath.internal.JsonContext - Put path $ key text value s
21:01:31.041 [Test worker] DEBUG com.jayway.jsonpath.internal.path.CompiledPath - Evaluating path: $['windowsVirtualKeyCode']
21:01:31.041 [Test worker] DEBUG com.jayway.jsonpath.internal.path.CompiledPath - Evaluating path: $
21:01:31.041 [Test worker] DEBUG com.jayway.jsonpath.internal.path.CompiledPath - Evaluating path: $
21:01:31.041 [Test worker] DEBUG com.jayway.jsonpath.internal.JsonContext - Put path $ key windowsVirtualKeyCode value {}
21:01:31.041 [Test worker] DEBUG com.jayway.jsonpath.internal.path.CompiledPath - Evaluating path: $
21:01:31.041 [Test worker] DEBUG com.jayway.jsonpath.internal.JsonContext - Put path $ key windowsVirtualKeyCode value 115
21:01:31.041 [Test worker] DEBUG com.jayway.jsonpath.internal.path.CompiledPath - Evaluating path: $
21:01:31.041 [Test worker] DEBUG com.intuit.karate.driver.chrome_1689521485679 - >> {"id":11,"sessionId":"2599E078A870979C3779624219BEB706","method":"Input.dispatchKeyEvent","params":{"modifiers":0,"type":"keyUp","text":"s","windowsVirtualKeyCode":115}}
21:01:31.043 [nioEventLoopGroup-2-1] DEBUG com.intuit.karate.driver.chrome_1689521485679 - << {"id":11,"result":{},"sessionId":"2599E078A870979C3779624219BEB706"}
21:01:31.043 [nioEventLoopGroup-2-1] DEBUG com.jayway.jsonpath.internal.path.CompiledPath - Evaluating path: $
21:01:31.043 [Test worker] DEBUG com.jayway.jsonpath.internal.path.CompiledPath - Evaluating path: $['modifiers']
21:01:31.044 [Test worker] DEBUG com.jayway.jsonpath.internal.path.CompiledPath - Evaluating path: $
21:01:31.044 [Test worker] DEBUG com.jayway.jsonpath.internal.path.CompiledPath - Evaluating path: $
21:01:31.044 [Test worker] DEBUG com.jayway.jsonpath.internal.JsonContext - Put path $ key modifiers value {}
21:01:31.044 [Test worker] DEBUG com.jayway.jsonpath.internal.path.CompiledPath - Evaluating path: $
21:01:31.044 [Test worker] DEBUG com.jayway.jsonpath.internal.JsonContext - Put path $ key modifiers value 0
21:01:31.044 [Test worker] DEBUG com.jayway.jsonpath.internal.path.CompiledPath - Evaluating path: $['type']
21:01:31.044 [Test worker] DEBUG com.jayway.jsonpath.internal.path.CompiledPath - Evaluating path: $
21:01:31.044 [Test worker] DEBUG com.jayway.jsonpath.internal.path.CompiledPath - Evaluating path: $
21:01:31.044 [Test worker] DEBUG com.jayway.jsonpath.internal.JsonContext - Put path $ key type value {}
21:01:31.044 [Test worker] DEBUG com.jayway.jsonpath.internal.path.CompiledPath - Evaluating path: $
21:01:31.044 [Test worker] DEBUG com.jayway.jsonpath.internal.JsonContext - Put path $ key type value rawKeyDown
21:01:31.044 [Test worker] DEBUG com.jayway.jsonpath.internal.path.CompiledPath - Evaluating path: $['text']
21:01:31.044 [Test worker] DEBUG com.jayway.jsonpath.internal.path.CompiledPath - Evaluating path: $
21:01:31.044 [Test worker] DEBUG com.jayway.jsonpath.internal.path.CompiledPath - Evaluating path: $
21:01:31.044 [Test worker] DEBUG com.jayway.jsonpath.internal.JsonContext - Put path $ key text value {}
21:01:31.044 [Test worker] DEBUG com.jayway.jsonpath.internal.path.CompiledPath - Evaluating path: $
21:01:31.044 [Test worker] DEBUG com.jayway.jsonpath.internal.JsonContext - Put path $ key text value t
21:01:31.044 [Test worker] DEBUG com.jayway.jsonpath.internal.path.CompiledPath - Evaluating path: $['windowsVirtualKeyCode']
21:01:31.044 [Test worker] DEBUG com.jayway.jsonpath.internal.path.CompiledPath - Evaluating path: $
21:01:31.044 [Test worker] DEBUG com.jayway.jsonpath.internal.path.CompiledPath - Evaluating path: $
21:01:31.045 [Test worker] DEBUG com.jayway.jsonpath.internal.JsonContext - Put path $ key windowsVirtualKeyCode value {}
21:01:31.045 [Test worker] DEBUG com.jayway.jsonpath.internal.path.CompiledPath - Evaluating path: $
21:01:31.045 [Test worker] DEBUG com.jayway.jsonpath.internal.JsonContext - Put path $ key windowsVirtualKeyCode value 116
21:01:31.045 [Test worker] DEBUG com.jayway.jsonpath.internal.path.CompiledPath - Evaluating path: $
21:01:31.045 [Test worker] DEBUG com.intuit.karate.driver.chrome_1689521485679 - >> {"id":12,"sessionId":"2599E078A870979C3779624219BEB706","method":"Input.dispatchKeyEvent","params":{"modifiers":0,"type":"rawKeyDown","text":"t","windowsVirtualKeyCode":116}}
21:01:31.049 [nioEventLoopGroup-2-1] DEBUG com.intuit.karate.driver.chrome_1689521485679 - << {"id":12,"result":{},"sessionId":"2599E078A870979C3779624219BEB706"}
21:01:31.050 [nioEventLoopGroup-2-1] DEBUG com.jayway.jsonpath.internal.path.CompiledPath - Evaluating path: $
21:01:31.050 [Test worker] DEBUG com.jayway.jsonpath.internal.path.CompiledPath - Evaluating path: $['modifiers']
21:01:31.050 [Test worker] DEBUG com.jayway.jsonpath.internal.path.CompiledPath - Evaluating path: $
21:01:31.050 [Test worker] DEBUG com.jayway.jsonpath.internal.path.CompiledPath - Evaluating path: $
21:01:31.050 [Test worker] DEBUG com.jayway.jsonpath.internal.JsonContext - Put path $ key modifiers value {}
21:01:31.051 [Test worker] DEBUG com.jayway.jsonpath.internal.path.CompiledPath - Evaluating path: $
21:01:31.051 [Test worker] DEBUG com.jayway.jsonpath.internal.JsonContext - Put path $ key modifiers value 0
21:01:31.051 [Test worker] DEBUG com.jayway.jsonpath.internal.path.CompiledPath - Evaluating path: $['type']
21:01:31.051 [Test worker] DEBUG com.jayway.jsonpath.internal.path.CompiledPath - Evaluating path: $
21:01:31.051 [Test worker] DEBUG com.jayway.jsonpath.internal.path.CompiledPath - Evaluating path: $
21:01:31.051 [Test worker] DEBUG com.jayway.jsonpath.internal.JsonContext - Put path $ key type value {}
21:01:31.051 [Test worker] DEBUG com.jayway.jsonpath.internal.path.CompiledPath - Evaluating path: $
21:01:31.051 [Test worker] DEBUG com.jayway.jsonpath.internal.JsonContext - Put path $ key type value char
21:01:31.051 [Test worker] DEBUG com.jayway.jsonpath.internal.path.CompiledPath - Evaluating path: $['text']
21:01:31.052 [Test worker] DEBUG com.jayway.jsonpath.internal.path.CompiledPath - Evaluating path: $
21:01:31.052 [Test worker] DEBUG com.jayway.jsonpath.internal.path.CompiledPath - Evaluating path: $
21:01:31.052 [Test worker] DEBUG com.jayway.jsonpath.internal.JsonContext - Put path $ key text value {}
21:01:31.052 [Test worker] DEBUG com.jayway.jsonpath.internal.path.CompiledPath - Evaluating path: $
21:01:31.052 [Test worker] DEBUG com.jayway.jsonpath.internal.JsonContext - Put path $ key text value t
21:01:31.052 [Test worker] DEBUG com.jayway.jsonpath.internal.path.CompiledPath - Evaluating path: $['windowsVirtualKeyCode']
21:01:31.052 [Test worker] DEBUG com.jayway.jsonpath.internal.path.CompiledPath - Evaluating path: $
21:01:31.052 [Test worker] DEBUG com.jayway.jsonpath.internal.path.CompiledPath - Evaluating path: $
21:01:31.052 [Test worker] DEBUG com.jayway.jsonpath.internal.JsonContext - Put path $ key windowsVirtualKeyCode value {}
21:01:31.052 [Test worker] DEBUG com.jayway.jsonpath.internal.path.CompiledPath - Evaluating path: $
21:01:31.052 [Test worker] DEBUG com.jayway.jsonpath.internal.JsonContext - Put path $ key windowsVirtualKeyCode value 116
21:01:31.052 [Test worker] DEBUG com.jayway.jsonpath.internal.path.CompiledPath - Evaluating path: $
21:01:31.052 [Test worker] DEBUG com.intuit.karate.driver.chrome_1689521485679 - >> {"id":13,"sessionId":"2599E078A870979C3779624219BEB706","method":"Input.dispatchKeyEvent","params":{"modifiers":0,"type":"char","text":"t","windowsVirtualKeyCode":116}}
21:01:31.054 [nioEventLoopGroup-2-1] DEBUG com.intuit.karate.driver.chrome_1689521485679 - << {"id":13,"result":{},"sessionId":"2599E078A870979C3779624219BEB706"}
21:01:31.055 [nioEventLoopGroup-2-1] DEBUG com.jayway.jsonpath.internal.path.CompiledPath - Evaluating path: $
21:01:31.055 [Test worker] DEBUG com.jayway.jsonpath.internal.path.CompiledPath - Evaluating path: $['modifiers']
21:01:31.055 [Test worker] DEBUG com.jayway.jsonpath.internal.path.CompiledPath - Evaluating path: $
21:01:31.055 [Test worker] DEBUG com.jayway.jsonpath.internal.path.CompiledPath - Evaluating path: $
21:01:31.055 [Test worker] DEBUG com.jayway.jsonpath.internal.JsonContext - Put path $ key modifiers value {}
21:01:31.055 [Test worker] DEBUG com.jayway.jsonpath.internal.path.CompiledPath - Evaluating path: $
21:01:31.055 [Test worker] DEBUG com.jayway.jsonpath.internal.JsonContext - Put path $ key modifiers value 0
21:01:31.055 [Test worker] DEBUG com.jayway.jsonpath.internal.path.CompiledPath - Evaluating path: $['type']
21:01:31.055 [Test worker] DEBUG com.jayway.jsonpath.internal.path.CompiledPath - Evaluating path: $
21:01:31.055 [Test worker] DEBUG com.jayway.jsonpath.internal.path.CompiledPath - Evaluating path: $
21:01:31.055 [Test worker] DEBUG com.jayway.jsonpath.internal.JsonContext - Put path $ key type value {}
21:01:31.055 [Test worker] DEBUG com.jayway.jsonpath.internal.path.CompiledPath - Evaluating path: $
21:01:31.056 [Test worker] DEBUG com.jayway.jsonpath.internal.JsonContext - Put path $ key type value keyUp
21:01:31.056 [Test worker] DEBUG com.jayway.jsonpath.internal.path.CompiledPath - Evaluating path: $['text']
21:01:31.056 [Test worker] DEBUG com.jayway.jsonpath.internal.path.CompiledPath - Evaluating path: $
21:01:31.056 [Test worker] DEBUG com.jayway.jsonpath.internal.path.CompiledPath - Evaluating path: $
21:01:31.056 [Test worker] DEBUG com.jayway.jsonpath.internal.JsonContext - Put path $ key text value {}
21:01:31.056 [Test worker] DEBUG com.jayway.jsonpath.internal.path.CompiledPath - Evaluating path: $
21:01:31.056 [Test worker] DEBUG com.jayway.jsonpath.internal.JsonContext - Put path $ key text value t
21:01:31.056 [Test worker] DEBUG com.jayway.jsonpath.internal.path.CompiledPath - Evaluating path: $['windowsVirtualKeyCode']
21:01:31.056 [Test worker] DEBUG com.jayway.jsonpath.internal.path.CompiledPath - Evaluating path: $
21:01:31.056 [Test worker] DEBUG com.jayway.jsonpath.internal.path.CompiledPath - Evaluating path: $
21:01:31.056 [Test worker] DEBUG com.jayway.jsonpath.internal.JsonContext - Put path $ key windowsVirtualKeyCode value {}
21:01:31.056 [Test worker] DEBUG com.jayway.jsonpath.internal.path.CompiledPath - Evaluating path: $
21:01:31.056 [Test worker] DEBUG com.jayway.jsonpath.internal.JsonContext - Put path $ key windowsVirtualKeyCode value 116
21:01:31.056 [Test worker] DEBUG com.jayway.jsonpath.internal.path.CompiledPath - Evaluating path: $
21:01:31.056 [Test worker] DEBUG com.intuit.karate.driver.chrome_1689521485679 - >> {"id":14,"sessionId":"2599E078A870979C3779624219BEB706","method":"Input.dispatchKeyEvent","params":{"modifiers":0,"type":"keyUp","text":"t","windowsVirtualKeyCode":116}}
21:01:31.058 [nioEventLoopGroup-2-1] DEBUG com.intuit.karate.driver.chrome_1689521485679 - << {"id":14,"result":{},"sessionId":"2599E078A870979C3779624219BEB706"}
21:01:31.058 [nioEventLoopGroup-2-1] DEBUG com.jayway.jsonpath.internal.path.CompiledPath - Evaluating path: $
21:01:31.058 [Test worker] DEBUG com.jayway.jsonpath.internal.path.CompiledPath - Evaluating path: $['modifiers']
21:01:31.059 [Test worker] DEBUG com.jayway.jsonpath.internal.path.CompiledPath - Evaluating path: $
21:01:31.059 [Test worker] DEBUG com.jayway.jsonpath.internal.path.CompiledPath - Evaluating path: $
21:01:31.059 [Test worker] DEBUG com.jayway.jsonpath.internal.JsonContext - Put path $ key modifiers value {}
21:01:31.059 [Test worker] DEBUG com.jayway.jsonpath.internal.path.CompiledPath - Evaluating path: $
21:01:31.059 [Test worker] DEBUG com.jayway.jsonpath.internal.JsonContext - Put path $ key modifiers value 0
21:01:31.059 [Test worker] DEBUG com.jayway.jsonpath.internal.path.CompiledPath - Evaluating path: $['type']
21:01:31.059 [Test worker] DEBUG com.jayway.jsonpath.internal.path.CompiledPath - Evaluating path: $
21:01:31.059 [Test worker] DEBUG com.jayway.jsonpath.internal.path.CompiledPath - Evaluating path: $
21:01:31.059 [Test worker] DEBUG com.jayway.jsonpath.internal.JsonContext - Put path $ key type value {}
21:01:31.059 [Test worker] DEBUG com.jayway.jsonpath.internal.path.CompiledPath - Evaluating path: $
21:01:31.059 [Test worker] DEBUG com.jayway.jsonpath.internal.JsonContext - Put path $ key type value rawKeyDown
21:01:31.059 [Test worker] DEBUG com.jayway.jsonpath.internal.path.CompiledPath - Evaluating path: $['text']
21:01:31.059 [Test worker] DEBUG com.jayway.jsonpath.internal.path.CompiledPath - Evaluating path: $
21:01:31.059 [Test worker] DEBUG com.jayway.jsonpath.internal.path.CompiledPath - Evaluating path: $
21:01:31.059 [Test worker] DEBUG com.jayway.jsonpath.internal.JsonContext - Put path $ key text value {}
21:01:31.060 [Test worker] DEBUG com.jayway.jsonpath.internal.path.CompiledPath - Evaluating path: $
21:01:31.060 [Test worker] DEBUG com.jayway.jsonpath.internal.JsonContext - Put path $ key text value u
21:01:31.060 [Test worker] DEBUG com.jayway.jsonpath.internal.path.CompiledPath - Evaluating path: $['windowsVirtualKeyCode']
21:01:31.060 [Test worker] DEBUG com.jayway.jsonpath.internal.path.CompiledPath - Evaluating path: $
21:01:31.060 [Test worker] DEBUG com.jayway.jsonpath.internal.path.CompiledPath - Evaluating path: $
21:01:31.060 [Test worker] DEBUG com.jayway.jsonpath.internal.JsonContext - Put path $ key windowsVirtualKeyCode value {}
21:01:31.060 [Test worker] DEBUG com.jayway.jsonpath.internal.path.CompiledPath - Evaluating path: $
21:01:31.060 [Test worker] DEBUG com.jayway.jsonpath.internal.JsonContext - Put path $ key windowsVirtualKeyCode value 117
21:01:31.060 [Test worker] DEBUG com.jayway.jsonpath.internal.path.CompiledPath - Evaluating path: $
21:01:31.060 [Test worker] DEBUG com.intuit.karate.driver.chrome_1689521485679 - >> {"id":15,"sessionId":"2599E078A870979C3779624219BEB706","method":"Input.dispatchKeyEvent","params":{"modifiers":0,"type":"rawKeyDown","text":"u","windowsVirtualKeyCode":117}}
21:01:31.062 [nioEventLoopGroup-2-1] DEBUG com.intuit.karate.driver.chrome_1689521485679 - << {"id":15,"result":{},"sessionId":"2599E078A870979C3779624219BEB706"}
21:01:31.062 [nioEventLoopGroup-2-1] DEBUG com.jayway.jsonpath.internal.path.CompiledPath - Evaluating path: $
21:01:31.062 [Test worker] DEBUG com.jayway.jsonpath.internal.path.CompiledPath - Evaluating path: $['modifiers']
21:01:31.062 [Test worker] DEBUG com.jayway.jsonpath.internal.path.CompiledPath - Evaluating path: $
21:01:31.063 [Test worker] DEBUG com.jayway.jsonpath.internal.path.CompiledPath - Evaluating path: $
21:01:31.063 [Test worker] DEBUG com.jayway.jsonpath.internal.JsonContext - Put path $ key modifiers value {}
21:01:31.063 [Test worker] DEBUG com.jayway.jsonpath.internal.path.CompiledPath - Evaluating path: $
21:01:31.063 [Test worker] DEBUG com.jayway.jsonpath.internal.JsonContext - Put path $ key modifiers value 0
21:01:31.063 [Test worker] DEBUG com.jayway.jsonpath.internal.path.CompiledPath - Evaluating path: $['type']
21:01:31.063 [Test worker] DEBUG com.jayway.jsonpath.internal.path.CompiledPath - Evaluating path: $
21:01:31.063 [Test worker] DEBUG com.jayway.jsonpath.internal.path.CompiledPath - Evaluating path: $
21:01:31.063 [Test worker] DEBUG com.jayway.jsonpath.internal.JsonContext - Put path $ key type value {}
21:01:31.063 [Test worker] DEBUG com.jayway.jsonpath.internal.path.CompiledPath - Evaluating path: $
21:01:31.063 [Test worker] DEBUG com.jayway.jsonpath.internal.JsonContext - Put path $ key type value char
21:01:31.063 [Test worker] DEBUG com.jayway.jsonpath.internal.path.CompiledPath - Evaluating path: $['text']
21:01:31.063 [Test worker] DEBUG com.jayway.jsonpath.internal.path.CompiledPath - Evaluating path: $
21:01:31.063 [Test worker] DEBUG com.jayway.jsonpath.internal.path.CompiledPath - Evaluating path: $
21:01:31.063 [Test worker] DEBUG com.jayway.jsonpath.internal.JsonContext - Put path $ key text value {}
21:01:31.064 [Test worker] DEBUG com.jayway.jsonpath.internal.path.CompiledPath - Evaluating path: $
21:01:31.064 [Test worker] DEBUG com.jayway.jsonpath.internal.JsonContext - Put path $ key text value u
21:01:31.064 [Test worker] DEBUG com.jayway.jsonpath.internal.path.CompiledPath - Evaluating path: $['windowsVirtualKeyCode']
21:01:31.064 [Test worker] DEBUG com.jayway.jsonpath.internal.path.CompiledPath - Evaluating path: $
21:01:31.064 [Test worker] DEBUG com.jayway.jsonpath.internal.path.CompiledPath - Evaluating path: $
21:01:31.064 [Test worker] DEBUG com.jayway.jsonpath.internal.JsonContext - Put path $ key windowsVirtualKeyCode value {}
21:01:31.064 [Test worker] DEBUG com.jayway.jsonpath.internal.path.CompiledPath - Evaluating path: $
21:01:31.064 [Test worker] DEBUG com.jayway.jsonpath.internal.JsonContext - Put path $ key windowsVirtualKeyCode value 117
21:01:31.064 [Test worker] DEBUG com.jayway.jsonpath.internal.path.CompiledPath - Evaluating path: $
21:01:31.064 [Test worker] DEBUG com.intuit.karate.driver.chrome_1689521485679 - >> {"id":16,"sessionId":"2599E078A870979C3779624219BEB706","method":"Input.dispatchKeyEvent","params":{"modifiers":0,"type":"char","text":"u","windowsVirtualKeyCode":117}}
21:01:31.066 [nioEventLoopGroup-2-1] DEBUG com.intuit.karate.driver.chrome_1689521485679 - << {"id":16,"result":{},"sessionId":"2599E078A870979C3779624219BEB706"}
21:01:31.067 [nioEventLoopGroup-2-1] DEBUG com.jayway.jsonpath.internal.path.CompiledPath - Evaluating path: $
21:01:31.067 [Test worker] DEBUG com.jayway.jsonpath.internal.path.CompiledPath - Evaluating path: $['modifiers']
21:01:31.067 [Test worker] DEBUG com.jayway.jsonpath.internal.path.CompiledPath - Evaluating path: $
21:01:31.068 [Test worker] DEBUG com.jayway.jsonpath.internal.path.CompiledPath - Evaluating path: $
21:01:31.068 [Test worker] DEBUG com.jayway.jsonpath.internal.JsonContext - Put path $ key modifiers value {}
21:01:31.068 [Test worker] DEBUG com.jayway.jsonpath.internal.path.CompiledPath - Evaluating path: $
21:01:31.068 [Test worker] DEBUG com.jayway.jsonpath.internal.JsonContext - Put path $ key modifiers value 0
21:01:31.068 [Test worker] DEBUG com.jayway.jsonpath.internal.path.CompiledPath - Evaluating path: $['type']
21:01:31.068 [Test worker] DEBUG com.jayway.jsonpath.internal.path.CompiledPath - Evaluating path: $
21:01:31.068 [Test worker] DEBUG com.jayway.jsonpath.internal.path.CompiledPath - Evaluating path: $
21:01:31.068 [Test worker] DEBUG com.jayway.jsonpath.internal.JsonContext - Put path $ key type value {}
21:01:31.068 [Test worker] DEBUG com.jayway.jsonpath.internal.path.CompiledPath - Evaluating path: $
21:01:31.068 [Test worker] DEBUG com.jayway.jsonpath.internal.JsonContext - Put path $ key type value keyUp
21:01:31.068 [Test worker] DEBUG com.jayway.jsonpath.internal.path.CompiledPath - Evaluating path: $['text']
21:01:31.069 [Test worker] DEBUG com.jayway.jsonpath.internal.path.CompiledPath - Evaluating path: $
21:01:31.069 [Test worker] DEBUG com.jayway.jsonpath.internal.path.CompiledPath - Evaluating path: $
21:01:31.069 [Test worker] DEBUG com.jayway.jsonpath.internal.JsonContext - Put path $ key text value {}
21:01:31.069 [Test worker] DEBUG com.jayway.jsonpath.internal.path.CompiledPath - Evaluating path: $
21:01:31.069 [Test worker] DEBUG com.jayway.jsonpath.internal.JsonContext - Put path $ key text value u
21:01:31.069 [Test worker] DEBUG com.jayway.jsonpath.internal.path.CompiledPath - Evaluating path: $['windowsVirtualKeyCode']
21:01:31.069 [Test worker] DEBUG com.jayway.jsonpath.internal.path.CompiledPath - Evaluating path: $
21:01:31.069 [Test worker] DEBUG com.jayway.jsonpath.internal.path.CompiledPath - Evaluating path: $
21:01:31.069 [Test worker] DEBUG com.jayway.jsonpath.internal.JsonContext - Put path $ key windowsVirtualKeyCode value {}
21:01:31.069 [Test worker] DEBUG com.jayway.jsonpath.internal.path.CompiledPath - Evaluating path: $
21:01:31.069 [Test worker] DEBUG com.jayway.jsonpath.internal.JsonContext - Put path $ key windowsVirtualKeyCode value 117
21:01:31.069 [Test worker] DEBUG com.jayway.jsonpath.internal.path.CompiledPath - Evaluating path: $
21:01:31.069 [Test worker] DEBUG com.intuit.karate.driver.chrome_1689521485679 - >> {"id":17,"sessionId":"2599E078A870979C3779624219BEB706","method":"Input.dispatchKeyEvent","params":{"modifiers":0,"type":"keyUp","text":"u","windowsVirtualKeyCode":117}}
21:01:31.071 [nioEventLoopGroup-2-1] DEBUG com.intuit.karate.driver.chrome_1689521485679 - << {"id":17,"result":{},"sessionId":"2599E078A870979C3779624219BEB706"}
21:01:31.072 [nioEventLoopGroup-2-1] DEBUG com.jayway.jsonpath.internal.path.CompiledPath - Evaluating path: $
21:01:31.072 [Test worker] DEBUG com.jayway.jsonpath.internal.path.CompiledPath - Evaluating path: $['modifiers']
21:01:31.072 [Test worker] DEBUG com.jayway.jsonpath.internal.path.CompiledPath - Evaluating path: $
21:01:31.072 [Test worker] DEBUG com.jayway.jsonpath.internal.path.CompiledPath - Evaluating path: $
21:01:31.072 [Test worker] DEBUG com.jayway.jsonpath.internal.JsonContext - Put path $ key modifiers value {}
21:01:31.072 [Test worker] DEBUG com.jayway.jsonpath.internal.path.CompiledPath - Evaluating path: $
21:01:31.072 [Test worker] DEBUG com.jayway.jsonpath.internal.JsonContext - Put path $ key modifiers value 0
21:01:31.072 [Test worker] DEBUG com.jayway.jsonpath.internal.path.CompiledPath - Evaluating path: $['type']
21:01:31.072 [Test worker] DEBUG com.jayway.jsonpath.internal.path.CompiledPath - Evaluating path: $
[...]
[THYMELEAF]             * [* {th:rel,data-th-rel}] [1000]: org.thymeleaf.standard.processor.StandardRemovableAttributeTagProcessor
[THYMELEAF]             * [* {th:sizes,data-th-sizes}] [1000]: org.thymeleaf.standard.processor.StandardRemovableAttributeTagProcessor
[THYMELEAF]             * [* {th:marginwidth,data-th-marginwidth}] [1000]: org.thymeleaf.standard.processor.StandardRemovableAttributeTagProcessor
[THYMELEAF]             * [* {th:colspan,data-th-colspan}] [1000]: org.thymeleaf.standard.processor.StandardRemovableAttributeTagProcessor
[THYMELEAF]             * [* {th:scrolling,data-th-scrolling}] [1000]: org.thymeleaf.standard.processor.StandardRemovableAttributeTagProcessor
[THYMELEAF]             * [* {th:keytype,data-th-keytype}] [1000]: org.thymeleaf.standard.processor.StandardRemovableAttributeTagProcessor
[THYMELEAF]             * [* {th:frame,data-th-frame}] [1000]: org.thymeleaf.standard.processor.StandardRemovableAttributeTagProcessor
[THYMELEAF]             * [* {th:wrap,data-th-wrap}] [1000]: org.thymeleaf.standard.processor.StandardRemovableAttributeTagProcessor
[THYMELEAF]             * [* {th:data,data-th-data}] [1000]: org.thymeleaf.standard.processor.StandardRemovableAttributeTagProcessor
[THYMELEAF]             * [* {th:audio,data-th-audio}] [1000]: org.thymeleaf.standard.processor.StandardRemovableAttributeTagProcessor
[THYMELEAF]             * [* {th:contenteditable,data-th-contenteditable}] [1000]: org.thymeleaf.standard.processor.StandardRemovableAttributeTagProcessor
[THYMELEAF]             * [* {th:cellspacing,data-th-cellspacing}] [1000]: org.thymeleaf.standard.processor.StandardRemovableAttributeTagProcessor
[THYMELEAF]             * [* {th:codebase,data-th-codebase}] [1000]: org.thymeleaf.standard.processor.StandardRemovableAttributeTagProcessor
[THYMELEAF]             * [* {th:headers,data-th-headers}] [1000]: org.thymeleaf.standard.processor.StandardRemovableAttributeTagProcessor
[THYMELEAF]             * [* {th:accesskey,data-th-accesskey}] [1000]: org.thymeleaf.standard.processor.StandardRemovableAttributeTagProcessor
[THYMELEAF]             * [* {th:autocomplete,data-th-autocomplete}] [1000]: org.thymeleaf.standard.processor.StandardRemovableAttributeTagProcessor
[THYMELEAF]             * [* {th:content,data-th-content}] [1000]: org.thymeleaf.standard.processor.StandardRemovableAttributeTagProcessor
[THYMELEAF]             * [* {th:srclang,data-th-srclang}] [1000]: org.thymeleaf.standard.processor.StandardRemovableAttributeTagProcessor
[THYMELEAF]             * [* {th:formenctype,data-th-formenctype}] [1000]: org.thymeleaf.standard.processor.StandardRemovableAttributeTagProcessor
[THYMELEAF]             * [* {th:usemap,data-th-usemap}] [1000]: org.thymeleaf.standard.processor.StandardRemovableAttributeTagProcessor
[THYMELEAF]             * [* {th:alt,data-th-alt}] [1000]: org.thymeleaf.standard.processor.StandardRemovableAttributeTagProcessor
[THYMELEAF]             * [* {th:id,data-th-id}] [1000]: org.thymeleaf.standard.processor.StandardRemovableAttributeTagProcessor
[THYMELEAF]             * [* {th:class,data-th-class}] [1000]: org.thymeleaf.standard.processor.StandardRemovableAttributeTagProcessor
[THYMELEAF]             * [* {th:border,data-th-border}] [1000]: org.thymeleaf.standard.processor.StandardRemovableAttributeTagProcessor
[THYMELEAF]             * [* {th:standby,data-th-standby}] [1000]: org.thymeleaf.standard.processor.StandardRemovableAttributeTagProcessor
[THYMELEAF]             * [* {th:charset,data-th-charset}] [1000]: org.thymeleaf.standard.processor.StandardRemovableAttributeTagProcessor
[THYMELEAF]             * [* {th:background,data-th-background}] [1000]: org.thymeleaf.standard.processor.StandardRemovableAttributeTagProcessor
[THYMELEAF]             * [* {th:placeholder,data-th-placeholder}] [1000]: org.thymeleaf.standard.processor.StandardRemovableAttributeTagProcessor
[THYMELEAF]             * [* {th:vspace,data-th-vspace}] [1000]: org.thymeleaf.standard.processor.StandardRemovableAttributeTagProcessor
[THYMELEAF]             * [* {th:classid,data-th-classid}] [1000]: org.thymeleaf.standard.processor.StandardRemovableAttributeTagProcessor
[THYMELEAF]             * [* {th:summary,data-th-summary}] [1000]: org.thymeleaf.standard.processor.StandardRemovableAttributeTagProcessor
[THYMELEAF]             * [* {th:cite,data-th-cite}] [1000]: org.thymeleaf.standard.processor.StandardRemovableAttributeTagProcessor
[THYMELEAF]             * [* {th:poster,data-th-poster}] [1000]: org.thymeleaf.standard.processor.StandardRemovableAttributeTagProcessor
[THYMELEAF]             * [* {th:width,data-th-width}] [1000]: org.thymeleaf.standard.processor.StandardRemovableAttributeTagProcessor
[THYMELEAF]             * [* {th:accept-charset,data-th-accept-charset}] [1000]: org.thymeleaf.standard.processor.StandardRemovableAttributeTagProcessor
[THYMELEAF]             * [* {th:high,data-th-high}] [1000]: org.thymeleaf.standard.processor.StandardRemovableAttributeTagProcessor
[THYMELEAF]             * [* {th:frameborder,data-th-frameborder}] [1000]: org.thymeleaf.standard.processor.StandardRemovableAttributeTagProcessor
[THYMELEAF]             * [* {th:src,data-th-src}] [1000]: org.thymeleaf.standard.processor.StandardSrcTagProcessor
[THYMELEAF]             * [* {th:value,data-th-value}] [1000]: org.thymeleaf.standard.processor.StandardValueTagProcessor
[THYMELEAF]             * [* {th:xmlbase,data-th-xmlbase}] [1000]: org.thymeleaf.standard.processor.StandardXmlBaseTagProcessor
[THYMELEAF]             * [* {th:xmllang,data-th-xmllang}] [1000]: org.thymeleaf.standard.processor.StandardXmlLangTagProcessor
[THYMELEAF]             * [* {xmlns:th}] [1000]: org.thymeleaf.standard.processor.StandardXmlNsTagProcessor
[THYMELEAF]             * [* {th:xmlspace,data-th-xmlspace}] [1000]: org.thymeleaf.standard.processor.StandardXmlSpaceTagProcessor
[THYMELEAF]             * [* {th:classappend,data-th-classappend}] [1100]: org.thymeleaf.standard.processor.StandardClassappendTagProcessor
[THYMELEAF]             * [* {th:styleappend,data-th-styleappend}] [1100]: org.thymeleaf.standard.processor.StandardStyleappendTagProcessor
[THYMELEAF]             * [* {th:text,data-th-text}] [1300]: org.thymeleaf.standard.processor.StandardTextTagProcessor
[THYMELEAF]             * [* {th:utext,data-th-utext}] [1400]: org.thymeleaf.standard.processor.StandardUtextTagProcessor
[THYMELEAF]             * [* {th:fragment,data-th-fragment}] [1500]: org.thymeleaf.standard.processor.StandardFragmentTagProcessor
[THYMELEAF]             * [* {th:assert,data-th-assert}] [1550]: org.thymeleaf.standard.processor.StandardAssertTagProcessor
[THYMELEAF]             * [* {th:remove,data-th-remove}] [1600]: org.thymeleaf.standard.processor.StandardRemoveTagProcessor
[THYMELEAF]             * [* {th:ref,data-th-ref}] [10000]: org.thymeleaf.standard.processor.StandardRefAttributeTagProcessor
[THYMELEAF]             * [{th:block,th-block} *] [100000]: org.thymeleaf.standard.processor.StandardBlockTagProcessor
[THYMELEAF]             * [* th:*] [2147483647]: org.thymeleaf.standard.processor.StandardDefaultAttributesTagProcessor
[THYMELEAF]         * Text Processors by [precedence]:
[THYMELEAF]             * [1000]: org.thymeleaf.standard.processor.StandardInliningTextProcessor
[THYMELEAF]         * DOCTYPE Processors by [precedence]:
[THYMELEAF]             * [1000]: org.thymeleaf.standard.processor.StandardTranslationDocTypeProcessor
[THYMELEAF]         * CDATA Section Processors by [precedence]:
[THYMELEAF]             * [1000]: org.thymeleaf.standard.processor.StandardInliningCDATASectionProcessor
[THYMELEAF]         * Comment Processors by [precedence]:
[THYMELEAF]             * [1000]: org.thymeleaf.standard.processor.StandardInliningCommentProcessor
[THYMELEAF]             * [1100]: org.thymeleaf.standard.processor.StandardConditionalCommentProcessor
[THYMELEAF]     * Processors for Template Mode: XML
[THYMELEAF]         * Element Tag Processors by [matching element and attribute name] [precedence]:
[THYMELEAF]             * [* {th:include}] [100]: org.thymeleaf.standard.processor.StandardIncludeTagProcessor
[THYMELEAF]             * [* {th:insert}] [100]: org.thymeleaf.standard.processor.StandardInsertTagProcessor
[THYMELEAF]             * [* {th:replace}] [100]: org.thymeleaf.standard.processor.StandardReplaceTagProcessor
[THYMELEAF]             * [* {th:substituteby}] [100]: org.thymeleaf.standard.processor.StandardSubstituteByTagProcessor
[THYMELEAF]             * [* {th:each}] [200]: com.intuit.karate.template.KarateEachTagProcessor
[THYMELEAF]             * [* {th:switch}] [250]: org.thymeleaf.standard.processor.StandardSwitchTagProcessor
[THYMELEAF]             * [* {th:case}] [275]: org.thymeleaf.standard.processor.StandardCaseTagProcessor
[THYMELEAF]             * [* {th:if}] [300]: org.thymeleaf.standard.processor.StandardIfTagProcessor
[THYMELEAF]             * [* {th:unless}] [400]: org.thymeleaf.standard.processor.StandardUnlessTagProcessor
[THYMELEAF]             * [* {th:object}] [500]: org.thymeleaf.standard.processor.StandardObjectTagProcessor
[THYMELEAF]             * [* {th:with}] [600]: com.intuit.karate.template.KarateWithTagProcessor
[THYMELEAF]             * [* {th:attr}] [700]: com.intuit.karate.template.KarateAttributeTagProcessor.KarateAttrTagProcessor
[THYMELEAF]             * [* {th:attrappend}] [900]: com.intuit.karate.template.KarateAttributeTagProcessor.KarateAttrappendTagProcessor
[THYMELEAF]             * [* {th:attrprepend}] [900]: com.intuit.karate.template.KarateAttributeTagProcessor.KarateAttrprependTagProcessor
[THYMELEAF]             * [* {th:inline}] [1000]: org.thymeleaf.standard.processor.StandardInlineXMLTagProcessor
[THYMELEAF]             * [* {xmlns:th}] [1000]: org.thymeleaf.standard.processor.StandardXmlNsTagProcessor
[THYMELEAF]             * [* {th:text}] [1300]: org.thymeleaf.standard.processor.StandardTextTagProcessor
[THYMELEAF]             * [* {th:utext}] [1400]: org.thymeleaf.standard.processor.StandardUtextTagProcessor
[THYMELEAF]             * [* {th:fragment}] [1500]: org.thymeleaf.standard.processor.StandardFragmentTagProcessor
[THYMELEAF]             * [* {th:assert}] [1550]: org.thymeleaf.standard.processor.StandardAssertTagProcessor
[THYMELEAF]             * [* {th:remove}] [1600]: org.thymeleaf.standard.processor.StandardRemoveTagProcessor
[THYMELEAF]             * [* {th:ref}] [10000]: org.thymeleaf.standard.processor.StandardRefAttributeTagProcessor
[THYMELEAF]             * [{th:block} *] [100000]: org.thymeleaf.standard.processor.StandardBlockTagProcessor
[THYMELEAF]             * [* th:*] [2147483647]: org.thymeleaf.standard.processor.StandardDefaultAttributesTagProcessor
[THYMELEAF]         * Text Processors by [precedence]:
[THYMELEAF]             * [1000]: org.thymeleaf.standard.processor.StandardInliningTextProcessor
[THYMELEAF]         * CDATA Section Processors by [precedence]:
[THYMELEAF]             * [1000]: org.thymeleaf.standard.processor.StandardInliningCDATASectionProcessor
[THYMELEAF]         * Comment Processors by [precedence]:
[THYMELEAF]             * [1000]: org.thymeleaf.standard.processor.StandardInliningCommentProcessor
[THYMELEAF]     * Processors for Template Mode: TEXT
[THYMELEAF]         * Element Tag Processors by [matching element and attribute name] [precedence]:
[THYMELEAF]             * [* {th:insert}] [100]: org.thymeleaf.standard.processor.StandardInsertTagProcessor
[THYMELEAF]             * [* {th:replace}] [100]: org.thymeleaf.standard.processor.StandardReplaceTagProcessor
[THYMELEAF]             * [* {th:each}] [200]: com.intuit.karate.template.KarateEachTagProcessor
[THYMELEAF]             * [* {th:switch}] [250]: org.thymeleaf.standard.processor.StandardSwitchTagProcessor
[THYMELEAF]             * [* {th:case}] [275]: org.thymeleaf.standard.processor.StandardCaseTagProcessor
[THYMELEAF]             * [* {th:if}] [300]: org.thymeleaf.standard.processor.StandardIfTagProcessor
[THYMELEAF]             * [* {th:unless}] [400]: org.thymeleaf.standard.processor.StandardUnlessTagProcessor
[THYMELEAF]             * [* {th:object}] [500]: org.thymeleaf.standard.processor.StandardObjectTagProcessor
[THYMELEAF]             * [* {th:with}] [600]: com.intuit.karate.template.KarateWithTagProcessor
[THYMELEAF]             * [* {th:inline}] [1000]: org.thymeleaf.standard.processor.StandardInlineTextualTagProcessor
[THYMELEAF]             * [* {th:text}] [1300]: org.thymeleaf.standard.processor.StandardTextTagProcessor
[THYMELEAF]             * [* {th:utext}] [1400]: org.thymeleaf.standard.processor.StandardUtextTagProcessor
[THYMELEAF]             * [* {th:assert}] [1550]: org.thymeleaf.standard.processor.StandardAssertTagProcessor
[THYMELEAF]             * [* {th:remove}] [1600]: org.thymeleaf.standard.processor.StandardRemoveTagProcessor
[THYMELEAF]             * [{th:block} *] [100000]: org.thymeleaf.standard.processor.StandardBlockTagProcessor
[THYMELEAF]             * [* 100000] [org.thymeleaf.standard.processor.StandardBlockTagProcessor]: {}
[THYMELEAF]         * Text Processors by [precedence]:
[THYMELEAF]             * [1000]: org.thymeleaf.standard.processor.StandardInliningTextProcessor
[THYMELEAF]     * Processors for Template Mode: JAVASCRIPT
[THYMELEAF]         * Element Tag Processors by [matching element and attribute name] [precedence]:
[THYMELEAF]             * [* {th:insert}] [100]: org.thymeleaf.standard.processor.StandardInsertTagProcessor
[THYMELEAF]             * [* {th:replace}] [100]: org.thymeleaf.standard.processor.StandardReplaceTagProcessor
[THYMELEAF]             * [* {th:each}] [200]: com.intuit.karate.template.KarateEachTagProcessor
[THYMELEAF]             * [* {th:switch}] [250]: org.thymeleaf.standard.processor.StandardSwitchTagProcessor
[THYMELEAF]             * [* {th:case}] [275]: org.thymeleaf.standard.processor.StandardCaseTagProcessor
[THYMELEAF]             * [* {th:if}] [300]: org.thymeleaf.standard.processor.StandardIfTagProcessor
[THYMELEAF]             * [* {th:unless}] [400]: org.thymeleaf.standard.processor.StandardUnlessTagProcessor
[THYMELEAF]             * [* {th:object}] [500]: org.thymeleaf.standard.processor.StandardObjectTagProcessor
[THYMELEAF]             * [* {th:with}] [600]: com.intuit.karate.template.KarateWithTagProcessor
[THYMELEAF]             * [* {th:inline}] [1000]: org.thymeleaf.standard.processor.StandardInlineTextualTagProcessor
[THYMELEAF]             * [* {th:text}] [1300]: org.thymeleaf.standard.processor.StandardTextTagProcessor
[THYMELEAF]             * [* {th:utext}] [1400]: org.thymeleaf.standard.processor.StandardUtextTagProcessor
[THYMELEAF]             * [* {th:assert}] [1550]: org.thymeleaf.standard.processor.StandardAssertTagProcessor
[THYMELEAF]             * [* {th:remove}] [1600]: org.thymeleaf.standard.processor.StandardRemoveTagProcessor
[THYMELEAF]             * [{th:block} *] [100000]: org.thymeleaf.standard.processor.StandardBlockTagProcessor
[THYMELEAF]             * [* 100000] [org.thymeleaf.standard.processor.StandardBlockTagProcessor]: {}
[THYMELEAF]         * Text Processors by [precedence]:
[THYMELEAF]             * [1000]: org.thymeleaf.standard.processor.StandardInliningTextProcessor
[THYMELEAF]     * Processors for Template Mode: CSS
[THYMELEAF]         * Element Tag Processors by [matching element and attribute name] [precedence]:
[THYMELEAF]             * [* {th:insert}] [100]: org.thymeleaf.standard.processor.StandardInsertTagProcessor
[THYMELEAF]             * [* {th:replace}] [100]: org.thymeleaf.standard.processor.StandardReplaceTagProcessor
[THYMELEAF]             * [* {th:each}] [200]: com.intuit.karate.template.KarateEachTagProcessor
[THYMELEAF]             * [* {th:switch}] [250]: org.thymeleaf.standard.processor.StandardSwitchTagProcessor
[THYMELEAF]             * [* {th:case}] [275]: org.thymeleaf.standard.processor.StandardCaseTagProcessor
[THYMELEAF]             * [* {th:if}] [300]: org.thymeleaf.standard.processor.StandardIfTagProcessor
[THYMELEAF]             * [* {th:unless}] [400]: org.thymeleaf.standard.processor.StandardUnlessTagProcessor
[THYMELEAF]             * [* {th:object}] [500]: org.thymeleaf.standard.processor.StandardObjectTagProcessor
[THYMELEAF]             * [* {th:with}] [600]: com.intuit.karate.template.KarateWithTagProcessor
[THYMELEAF]             * [* {th:inline}] [1000]: org.thymeleaf.standard.processor.StandardInlineTextualTagProcessor
[THYMELEAF]             * [* {th:text}] [1300]: org.thymeleaf.standard.processor.StandardTextTagProcessor
[THYMELEAF]             * [* {th:utext}] [1400]: org.thymeleaf.standard.processor.StandardUtextTagProcessor
[THYMELEAF]             * [* {th:assert}] [1550]: org.thymeleaf.standard.processor.StandardAssertTagProcessor
[THYMELEAF]             * [* {th:remove}] [1600]: org.thymeleaf.standard.processor.StandardRemoveTagProcessor
[THYMELEAF]             * [* 100000] [org.thymeleaf.standard.processor.StandardBlockTagProcessor]: {}
[THYMELEAF]             * [{th:block} *] [100000]: org.thymeleaf.standard.processor.StandardBlockTagProcessor
[THYMELEAF]         * Text Processors by [precedence]:
[THYMELEAF]             * [1000]: org.thymeleaf.standard.processor.StandardInliningTextProcessor
[THYMELEAF]     * Expression Objects:
[THYMELEAF]         * #ctx
[THYMELEAF]         * #root
[THYMELEAF]         * #vars
[THYMELEAF]         * #object
[THYMELEAF]         * #locale
[THYMELEAF]         * #request
[THYMELEAF]         * #response
[THYMELEAF]         * #session
[THYMELEAF]         * #servletContext
[THYMELEAF]         * #conversions
[THYMELEAF]         * #uris
[THYMELEAF]         * #calendars
[THYMELEAF]         * #dates
[THYMELEAF]         * #bools
[THYMELEAF]         * #numbers
[THYMELEAF]         * #objects
[THYMELEAF]         * #strings
[THYMELEAF]         * #arrays
[THYMELEAF]         * #lists
[THYMELEAF]         * #sets
[THYMELEAF]         * #maps
[THYMELEAF]         * #aggregates
[THYMELEAF]         * #messages
[THYMELEAF]         * #ids
[THYMELEAF]         * #execInfo
[THYMELEAF]         * #httpServletRequest
[THYMELEAF]         * #httpSession
[THYMELEAF]     * Execution Attributes:
[THYMELEAF]         * "StandardExpressionParser": com.intuit.karate.template.KarateStandardDialect@254513e8
[THYMELEAF]         * "StandardJavaScriptSerializer": org.thymeleaf.standard.serializer.StandardJavaScriptSerializer@146db8a6
[THYMELEAF]         * "StandardCSSSerializer": org.thymeleaf.standard.serializer.StandardCSSSerializer@2a20da9f
[THYMELEAF]         * "StandardVariableExpressionEvaluator": com.intuit.karate.template.KarateStandardDialect@254513e8
[THYMELEAF]         * "StandardConversionService": org.thymeleaf.standard.expression.StandardConversionService@40c0437f
[THYMELEAF] * Dialect [2 of 2]: karate (com.intuit.karate.template.KarateScriptDialect)
[THYMELEAF]     * Prefix: "ka"
[THYMELEAF]     * Processors for Template Mode: HTML
[THYMELEAF]         * Element Tag Processors by [matching element and attribute name] [precedence]:
[THYMELEAF]             * [* {src}] [1000]: com.intuit.karate.template.KaScriptAttrProcessor
[THYMELEAF]         * Element Model Processors by [matching element and attribute name] [precedence]:
[THYMELEAF]             * [{script} {ka:scope,data-ka-scope}] [1000]: com.intuit.karate.template.KaScriptElemProcessor
[THYMELEAF]             * [* {ka:set,data-ka-set}] [1000]: com.intuit.karate.template.KaSetElemProcessor
[THYMELEAF] TEMPLATE ENGINE CONFIGURED OK
21:01:39.849 [Test worker] DEBUG org.thymeleaf.TemplateEngine - [THYMELEAF] TEMPLATE ENGINE INITIALIZED

HTML report: (paste into browser to view) | Karate version: 1.4.0
file:///C:/Intellij%20projects/automation_sample/build/karate-reports/karate-summary.html
===================================================================

]]></system-out>
  <system-err><![CDATA[]]></system-err>
</testsuite>
